2024-10-29 16:20:59,363 - INFO - Starting InstruPy MQTT client... Log file is initialized.
2024-10-29 16:20:59,368 - INFO - Connected to MQTT Broker!
2024-10-29 16:20:59,368 - INFO - Subscribed to topic: evaluators/InstruPy/InstrumentPerformance
2024-10-29 16:24:59,817 - DEBUG - Message received on topic evaluators/InstruPy/InstrumentPerformance: {"workflow_id":"c9c15171-1dd1-48aa-9bb1-42355e2141ba","result_topic":"TSE","metric":"InstrumentScore","function":"InstrumentPerformance","architecture":{"@type":"Architecture","spaceSegment":[{"satellites":[{"techReadinessLevel":9,"acronym":"MicroMAS-2","@type":"Satellite","commBand":["X"],"mass":4,"stabilizationType":"AXIS_3","volume":0.003,"isGroundCommand":true,"payload":[{"scanTechnique":"PUSHBROOM","techReadinessLevel":9,"@type":"Passive Optical Scanner","mass":1,"numberOfDetectorsColsCrossTrack":[4096,6144,8192],"numberOfDetectorsRowsAlongTrack":1,"dataRate":384,"quantumEff":0.9,"mountType":"BODY","opticsSysEff":0.8,"detectorWidth":[0.00002,0.000036,0.00005],"power":1,"Fnum":6.4,"orientation":{"convention":"SIDE_LOOK","sideLookAngle":0,"@type":"Orientation"},"numOfReadOutE":20,"bandwidth":6.5E-8,"acronym":"Landsat 10 Blue Band","bitsPerPixel":12,"snrThreshold":25,"volume":0.0001,"apertureDia":[0.1,0.132,0.15],"maxDetectorExposureTime":0.0036,"operatingWavelength":4.85E-7,"fieldOfView":{"sensorGeometry":"RECTANGULAR","@type":"FieldOfView","fullConeAngle":30,"crossTrackFieldOfView":114,"alongTrackFieldOfView":40},"name":"Landsat 10 Blue Band","targetBlackBodyTemp":290,"focalLength":[0.7,0.8451,1]}],"propellantType":"MONO_PROP","name":"MicroMAS-2","dryMass":2.5,"@id":"sat-0","power":9.1,"orbit":{"inclination":0,"periapsisArgument":0,"@type":"Orbit","semimajorAxis":7178.14,"orbitType":"KEPLERIAN","eccentricity":0,"rightAscensionAscendingNode":0,"trueAnomaly":0,"epoch":"2019-08-01T00:00:00Z"},"isSpare":false},{"techReadinessLevel":9,"acronym":"MicroMAS-2","@type":"Satellite","commBand":["X"],"mass":4,"stabilizationType":"AXIS_3","volume":0.003,"isGroundCommand":true,"payload":[{"scanTechnique":"PUSHBROOM","techReadinessLevel":9,"@type":"Passive Optical Scanner","mass":1,"numberOfDetectorsColsCrossTrack":[4096,6144,8192],"numberOfDetectorsRowsAlongTrack":1,"dataRate":384,"quantumEff":0.9,"mountType":"BODY","opticsSysEff":0.8,"detectorWidth":[0.00002,0.000036,0.00005],"power":1,"Fnum":6.4,"orientation":{"convention":"SIDE_LOOK","sideLookAngle":0,"@type":"Orientation"},"numOfReadOutE":20,"bandwidth":6.5E-8,"acronym":"Landsat 10 Blue Band","bitsPerPixel":12,"snrThreshold":25,"volume":0.0001,"apertureDia":[0.1,0.132,0.15],"maxDetectorExposureTime":0.0036,"operatingWavelength":4.85E-7,"fieldOfView":{"sensorGeometry":"RECTANGULAR","@type":"FieldOfView","fullConeAngle":30,"crossTrackFieldOfView":114,"alongTrackFieldOfView":40},"name":"Landsat 10 Blue Band","targetBlackBodyTemp":290,"focalLength":[0.7,0.8451,1]}],"propellantType":"MONO_PROP","name":"MicroMAS-2","dryMass":2.5,"@id":"sat-1","power":9.1,"orbit":{"inclination":0,"periapsisArgument":0,"@type":"Orbit","semimajorAxis":7178.14,"orbitType":"KEPLERIAN","eccentricity":0,"rightAscensionAscendingNode":0,"trueAnomaly":72,"epoch":"2019-08-01T00:00:00Z"},"isSpare":false},{"techReadinessLevel":9,"acronym":"MicroMAS-2","@type":"Satellite","commBand":["X"],"mass":4,"stabilizationType":"AXIS_3","volume":0.003,"isGroundCommand":true,"payload":[{"scanTechnique":"PUSHBROOM","techReadinessLevel":9,"@type":"Passive Optical Scanner","mass":1,"numberOfDetectorsColsCrossTrack":[4096,6144,8192],"numberOfDetectorsRowsAlongTrack":1,"dataRate":384,"quantumEff":0.9,"mountType":"BODY","opticsSysEff":0.8,"detectorWidth":[0.00002,0.000036,0.00005],"power":1,"Fnum":6.4,"orientation":{"convention":"SIDE_LOOK","sideLookAngle":0,"@type":"Orientation"},"numOfReadOutE":20,"bandwidth":6.5E-8,"acronym":"Landsat 10 Blue Band","bitsPerPixel":12,"snrThreshold":25,"volume":0.0001,"apertureDia":[0.1,0.132,0.15],"maxDetectorExposureTime":0.0036,"operatingWavelength":4.85E-7,"fieldOfView":{"sensorGeometry":"RECTANGULAR","@type":"FieldOfView","fullConeAngle":30,"crossTrackFieldOfView":114,"alongTrackFieldOfView":40},"name":"Landsat 10 Blue Band","targetBlackBodyTemp":290,"focalLength":[0.7,0.8451,1]}],"propellantType":"MONO_PROP","name":"MicroMAS-2","dryMass":2.5,"@id":"sat-2","power":9.1,"orbit":{"inclination":0,"periapsisArgument":0,"@type":"Orbit","semimajorAxis":7178.14,"orbitType":"KEPLERIAN","eccentricity":0,"rightAscensionAscendingNode":0,"trueAnomaly":144,"epoch":"2019-08-01T00:00:00Z"},"isSpare":false},{"techReadinessLevel":9,"acronym":"MicroMAS-2","@type":"Satellite","commBand":["X"],"mass":4,"stabilizationType":"AXIS_3","volume":0.003,"isGroundCommand":true,"payload":[{"scanTechnique":"PUSHBROOM","techReadinessLevel":9,"@type":"Passive Optical Scanner","mass":1,"numberOfDetectorsColsCrossTrack":[4096,6144,8192],"numberOfDetectorsRowsAlongTrack":1,"dataRate":384,"quantumEff":0.9,"mountType":"BODY","opticsSysEff":0.8,"detectorWidth":[0.00002,0.000036,0.00005],"power":1,"Fnum":6.4,"orientation":{"convention":"SIDE_LOOK","sideLookAngle":0,"@type":"Orientation"},"numOfReadOutE":20,"bandwidth":6.5E-8,"acronym":"Landsat 10 Blue Band","bitsPerPixel":12,"snrThreshold":25,"volume":0.0001,"apertureDia":[0.1,0.132,0.15],"maxDetectorExposureTime":0.0036,"operatingWavelength":4.85E-7,"fieldOfView":{"sensorGeometry":"RECTANGULAR","@type":"FieldOfView","fullConeAngle":30,"crossTrackFieldOfView":114,"alongTrackFieldOfView":40},"name":"Landsat 10 Blue Band","targetBlackBodyTemp":290,"focalLength":[0.7,0.8451,1]}],"propellantType":"MONO_PROP","name":"MicroMAS-2","dryMass":2.5,"@id":"sat-3","power":9.1,"orbit":{"inclination":0,"periapsisArgument":0,"@type":"Orbit","semimajorAxis":7178.14,"orbitType":"KEPLERIAN","eccentricity":0,"rightAscensionAscendingNode":0,"trueAnomaly":216,"epoch":"2019-08-01T00:00:00Z"},"isSpare":false},{"techReadinessLevel":9,"acronym":"MicroMAS-2","@type":"Satellite","commBand":["X"],"mass":4,"stabilizationType":"AXIS_3","volume":0.003,"isGroundCommand":true,"payload":[{"scanTechnique":"PUSHBROOM","techReadinessLevel":9,"@type":"Passive Optical Scanner","mass":1,"numberOfDetectorsColsCrossTrack":[4096,6144,8192],"numberOfDetectorsRowsAlongTrack":1,"dataRate":384,"quantumEff":0.9,"mountType":"BODY","opticsSysEff":0.8,"detectorWidth":[0.00002,0.000036,0.00005],"power":1,"Fnum":6.4,"orientation":{"convention":"SIDE_LOOK","sideLookAngle":0,"@type":"Orientation"},"numOfReadOutE":20,"bandwidth":6.5E-8,"acronym":"Landsat 10 Blue Band","bitsPerPixel":12,"snrThreshold":25,"volume":0.0001,"apertureDia":[0.1,0.132,0.15],"maxDetectorExposureTime":0.0036,"operatingWavelength":4.85E-7,"fieldOfView":{"sensorGeometry":"RECTANGULAR","@type":"FieldOfView","fullConeAngle":30,"crossTrackFieldOfView":114,"alongTrackFieldOfView":40},"name":"Landsat 10 Blue Band","targetBlackBodyTemp":290,"focalLength":[0.7,0.8451,1]}],"propellantType":"MONO_PROP","name":"MicroMAS-2","dryMass":2.5,"@id":"sat-4","power":9.1,"orbit":{"inclination":0,"periapsisArgument":0,"@type":"Orbit","semimajorAxis":7178.14,"orbitType":"KEPLERIAN","eccentricity":0,"rightAscensionAscendingNode":0,"trueAnomaly":288,"epoch":"2019-08-01T00:00:00Z"},"isSpare":false}],"numberPlanes":1,"numberSatellites":5,"@type":"Constellation","constellationType":"DELTA_HOMOGENEOUS","@id":"con-0","relativeSpacing":0}],"@id":"arch-0","groundSegment":[{"acronym":"TROPICS GN","@type":"GroundNetwork","name":"TROPICS ground network","numberStations":1,"groundStations":[{"elevation":1570,"agency":{"@type":"Agency","agencyType":"GOVERNMENT"},"acronym":"Wallops","@type":"GroundStation","commBand":["UHF"],"latitude":37.940194,"name":"Wallops","@id":"gs-0","longitude":-75.466389}]}]},"dependencies":{"InstrumentPerformance":{"level":3,"dependencies":{"AccessResponse":"http://localhost:5000/tatc/AccessResponse","OrbitPropagation":"http://localhost:5000/tatc/OrbitPropagation"}}}}
2024-10-29 16:24:59,819 - DEBUG - Processing request for workflow ID: c9c15171-1dd1-48aa-9bb1-42355e2141ba
2024-10-29 16:24:59,819 - DEBUG - Function to execute: InstrumentPerformance
2024-10-29 16:24:59,819 - DEBUG - Executing function: InstrumentPerformance
2024-10-29 16:24:59,819 - DEBUG - Requesting dependency AccessResponse from http://localhost:5000/tatc/AccessResponse
2024-10-29 16:25:27,368 - DEBUG - Received result for dependency AccessResponse: {'evaluator': 'TAT-C', 'function': 'AccessResponse', 'results': ['{"satellites":[{"id":"sat-0","orbit":{"object_name":"MicroMAS-2","object_id":"1998-067A","epoch":"2019-08-01T00:00:00.728000","mean_motion":14.275279976677977,"eccentricity":0.0,"inclination":0.0,"ra_of_asc_node":0.0,"arg_of_pericenter":0.0,"mean_anomaly":0.0,"ephemeris_type":0,"classification_type":"U","norad_cat_id":0,"element_set_no":999,"rev_at_epoch":0,"bstar":0.0,"mean_motion_dot":0.0,"mean_motion_ddot":0.0},"payloads":[{"type":"PassiveOpticalScanner","name":null,"id":"FireSat-Sensor","mass":28.0,"volume":0.12,"power":32.0,"orientation":[0.0,0.0,0.0,1.0],"field_of_view":{"type":"RectangularGeometry","angle_height":0.628,"angle_width":115.8},"scene_field_of_view":{"type":"RectangularGeometry","angle_height":30.0,"angle_width":115.8},"data_rate":85.0,"scan_technique":"MATRIX_IMAGER","number_detector_rows":256,"number_detector_cols":1,"aperture_dia":0.26,"F_num":2.7,"focal_length":0.7,"operating_wavelength":4.2e-6,"bandwidth":1.9e-6,"quantum_efficiency":0.5,"optics_sys_eff":0.75,"number_of_read_out_E":25.0,"target_black_body_temp":290.0,"bits_per_pixel":8,"detector_width":0.00003,"max_detector_exposure_time":null}],"satellite_bus":null},{"id":"sat-1","orbit":{"object_name":"MicroMAS-2","object_id":"1998-067A","epoch":"2019-08-01T00:00:00.728000","mean_motion":14.275279976677977,"eccentricity":0.0,"inclination":0.0,"ra_of_asc_node":0.0,"arg_of_pericenter":0.0,"mean_anomaly":72.0,"ephemeris_type":0,"classification_type":"U","norad_cat_id":0,"element_set_no":999,"rev_at_epoch":0,"bstar":0.0,"mean_motion_dot":0.0,"mean_motion_ddot":0.0},"payloads":[{"type":"PassiveOpticalScanner","name":null,"id":"FireSat-Sensor","mass":28.0,"volume":0.12,"power":32.0,"orientation":[0.0,0.0,0.0,1.0],"field_of_view":{"type":"RectangularGeometry","angle_height":0.628,"angle_width":115.8},"scene_field_of_view":{"type":"RectangularGeometry","angle_height":30.0,"angle_width":115.8},"data_rate":85.0,"scan_technique":"MATRIX_IMAGER","number_detector_rows":256,"number_detector_cols":1,"aperture_dia":0.26,"F_num":2.7,"focal_length":0.7,"operating_wavelength":4.2e-6,"bandwidth":1.9e-6,"quantum_efficiency":0.5,"optics_sys_eff":0.75,"number_of_read_out_E":25.0,"target_black_body_temp":290.0,"bits_per_pixel":8,"detector_width":0.00003,"max_detector_exposure_time":null}],"satellite_bus":null},{"id":"sat-2","orbit":{"object_name":"MicroMAS-2","object_id":"1998-067A","epoch":"2019-08-01T00:00:00.728000","mean_motion":14.275279976677977,"eccentricity":0.0,"inclination":0.0,"ra_of_asc_node":0.0,"arg_of_pericenter":0.0,"mean_anomaly":144.0,"ephemeris_type":0,"classification_type":"U","norad_cat_id":0,"element_set_no":999,"rev_at_epoch":0,"bstar":0.0,"mean_motion_dot":0.0,"mean_motion_ddot":0.0},"payloads":[{"type":"PassiveOpticalScanner","name":null,"id":"FireSat-Sensor","mass":28.0,"volume":0.12,"power":32.0,"orientation":[0.0,0.0,0.0,1.0],"field_of_view":{"type":"RectangularGeometry","angle_height":0.628,"angle_width":115.8},"scene_field_of_view":{"type":"RectangularGeometry","angle_height":30.0,"angle_width":115.8},"data_rate":85.0,"scan_technique":"MATRIX_IMAGER","number_detector_rows":256,"number_detector_cols":1,"aperture_dia":0.26,"F_num":2.7,"focal_length":0.7,"operating_wavelength":4.2e-6,"bandwidth":1.9e-6,"quantum_efficiency":0.5,"optics_sys_eff":0.75,"number_of_read_out_E":25.0,"target_black_body_temp":290.0,"bits_per_pixel":8,"detector_width":0.00003,"max_detector_exposure_time":null}],"satellite_bus":null},{"id":"sat-3","orbit":{"object_name":"MicroMAS-2","object_id":"1998-067A","epoch":"2019-08-01T00:00:00.728000","mean_motion":14.275279976677977,"eccentricity":0.0,"inclination":0.0,"ra_of_asc_node":0.0,"arg_of_pericenter":0.0,"mean_anomaly":216.0,"ephemeris_type":0,"classification_type":"U","norad_cat_id":0,"element_set_no":999,"rev_at_epoch":0,"bstar":0.0,"mean_motion_dot":0.0,"mean_motion_ddot":0.0},"payloads":[{"type":"PassiveOpticalScanner","name":null,"id":"FireSat-Sensor","mass":28.0,"volume":0.12,"power":32.0,"orientation":[0.0,0.0,0.0,1.0],"field_of_view":{"type":"RectangularGeometry","angle_height":0.628,"angle_width":115.8},"scene_field_of_view":{"type":"RectangularGeometry","angle_height":30.0,"angle_width":115.8},"data_rate":85.0,"scan_technique":"MATRIX_IMAGER","number_detector_rows":256,"number_detector_cols":1,"aperture_dia":0.26,"F_num":2.7,"focal_length":0.7,"operating_wavelength":4.2e-6,"bandwidth":1.9e-6,"quantum_efficiency":0.5,"optics_sys_eff":0.75,"number_of_read_out_E":25.0,"target_black_body_temp":290.0,"bits_per_pixel":8,"detector_width":0.00003,"max_detector_exposure_time":null}],"satellite_bus":null},{"id":"sat-4","orbit":{"object_name":"MicroMAS-2","object_id":"1998-067A","epoch":"2019-08-01T00:00:00.728000","mean_motion":14.275279976677977,"eccentricity":0.0,"inclination":0.0,"ra_of_asc_node":0.0,"arg_of_pericenter":0.0,"mean_anomaly":288.0,"ephemeris_type":0,"classification_type":"U","norad_cat_id":0,"element_set_no":999,"rev_at_epoch":0,"bstar":0.0,"mean_motion_dot":0.0,"mean_motion_ddot":0.0},"payloads":[{"type":"PassiveOpticalScanner","name":null,"id":"FireSat-Sensor","mass":28.0,"volume":0.12,"power":32.0,"orientation":[0.0,0.0,0.0,1.0],"field_of_view":{"type":"RectangularGeometry","angle_height":0.628,"angle_width":115.8},"scene_field_of_view":{"type":"RectangularGeometry","angle_height":30.0,"angle_width":115.8},"data_rate":85.0,"scan_technique":"MATRIX_IMAGER","number_detector_rows":256,"number_detector_cols":1,"aperture_dia":0.26,"F_num":2.7,"focal_length":0.7,"operating_wavelength":4.2e-6,"bandwidth":1.9e-6,"quantum_efficiency":0.5,"optics_sys_eff":0.75,"number_of_read_out_E":25.0,"target_black_body_temp":290.0,"bits_per_pixel":8,"detector_width":0.00003,"max_detector_exposure_time":null}],"satellite_bus":null}],"time_step":"PT10S","targets":[{"id":36,"crs":null,"position":[-170.0,-40.0]},{"id":37,"crs":null,"position":[-150.0,-40.0]},{"id":38,"crs":null,"position":[-130.0,-40.0]},{"id":39,"crs":null,"position":[-110.0,-40.0]},{"id":40,"crs":null,"position":[-90.0,-40.0]},{"id":41,"crs":null,"position":[-70.0,-40.0]},{"id":42,"crs":null,"position":[-50.0,-40.0]},{"id":43,"crs":null,"position":[-30.0,-40.0]},{"id":44,"crs":null,"position":[-10.0,-40.0]},{"id":45,"crs":null,"position":[10.0,-40.0]},{"id":46,"crs":null,"position":[30.0,-40.0]},{"id":47,"crs":null,"position":[50.0,-40.0]},{"id":48,"crs":null,"position":[70.0,-40.0]},{"id":49,"crs":null,"position":[90.0,-40.0]},{"id":50,"crs":null,"position":[110.0,-40.0]},{"id":51,"crs":null,"position":[130.0,-40.0]},{"id":52,"crs":null,"position":[150.0,-40.0]},{"id":53,"crs":null,"position":[170.0,-40.0]},{"id":54,"crs":null,"position":[-170.0,-20.0]},{"id":55,"crs":null,"position":[-150.0,-20.0]},{"id":56,"crs":null,"position":[-130.0,-20.0]},{"id":57,"crs":null,"position":[-110.0,-20.0]},{"id":58,"crs":null,"position":[-90.0,-20.0]},{"id":59,"crs":null,"position":[-70.0,-20.0]},{"id":60,"crs":null,"position":[-50.0,-20.0]},{"id":61,"crs":null,"position":[-30.0,-20.0]},{"id":62,"crs":null,"position":[-10.0,-20.0]},{"id":63,"crs":null,"position":[10.0,-20.0]},{"id":64,"crs":null,"position":[30.0,-20.0]},{"id":65,"crs":null,"position":[50.0,-20.0]},{"id":66,"crs":null,"position":[70.0,-20.0]},{"id":67,"crs":null,"position":[90.0,-20.0]},{"id":68,"crs":null,"position":[110.0,-20.0]},{"id":69,"crs":null,"position":[130.0,-20.0]},{"id":70,"crs":null,"position":[150.0,-20.0]},{"id":71,"crs":null,"position":[170.0,-20.0]},{"id":72,"crs":null,"position":[-170.0,0.0]},{"id":73,"crs":null,"position":[-150.0,0.0]},{"id":74,"crs":null,"position":[-130.0,0.0]},{"id":75,"crs":null,"position":[-110.0,0.0]},{"id":76,"crs":null,"position":[-90.0,0.0]},{"id":77,"crs":null,"position":[-70.0,0.0]},{"id":78,"crs":null,"position":[-50.0,0.0]},{"id":79,"crs":null,"position":[-30.0,0.0]},{"id":80,"crs":null,"position":[-10.0,0.0]},{"id":81,"crs":null,"position":[10.0,0.0]},{"id":82,"crs":null,"position":[30.0,0.0]},{"id":83,"crs":null,"position":[50.0,0.0]},{"id":84,"crs":null,"position":[70.0,0.0]},{"id":85,"crs":null,"position":[90.0,0.0]},{"id":86,"crs":null,"position":[110.0,0.0]},{"id":87,"crs":null,"position":[130.0,0.0]},{"id":88,"crs":null,"position":[150.0,0.0]},{"id":89,"crs":null,"position":[170.0,0.0]},{"id":90,"crs":null,"position":[-170.0,20.0]},{"id":91,"crs":null,"position":[-150.0,20.0]},{"id":92,"crs":null,"position":[-130.0,20.0]},{"id":93,"crs":null,"position":[-110.0,20.0]},{"id":94,"crs":null,"position":[-90.0,20.0]},{"id":95,"crs":null,"position":[-70.0,20.0]},{"id":96,"crs":null,"position":[-50.0,20.0]},{"id":97,"crs":null,"position":[-30.0,20.0]},{"id":98,"crs":null,"position":[-10.0,20.0]},{"id":99,"crs":null,"position":[10.0,20.0]},{"id":100,"crs":null,"position":[30.0,20.0]},{"id":101,"crs":null,"position":[50.0,20.0]},{"id":102,"crs":null,"position":[70.0,20.0]},{"id":103,"crs":null,"position":[90.0,20.0]},{"id":104,"crs":null,"position":[110.0,20.0]},{"id":105,"crs":null,"position":[130.0,20.0]},{"id":106,"crs":null,"position":[150.0,20.0]},{"id":107,"crs":null,"position":[170.0,20.0]},{"id":108,"crs":null,"position":[-170.0,40.0]},{"id":109,"crs":null,"position":[-150.0,40.0]},{"id":110,"crs":null,"position":[-130.0,40.0]},{"id":111,"crs":null,"position":[-110.0,40.0]},{"id":112,"crs":null,"position":[-90.0,40.0]},{"id":113,"crs":null,"position":[-70.0,40.0]},{"id":114,"crs":null,"position":[-50.0,40.0]},{"id":115,"crs":null,"position":[-30.0,40.0]},{"id":116,"crs":null,"position":[-10.0,40.0]},{"id":117,"crs":null,"position":[10.0,40.0]},{"id":118,"crs":null,"position":[30.0,40.0]},{"id":119,"crs":null,"position":[50.0,40.0]},{"id":120,"crs":null,"position":[70.0,40.0]},{"id":121,"crs":null,"position":[90.0,40.0]},{"id":122,"crs":null,"position":[110.0,40.0]},{"id":123,"crs":null,"position":[130.0,40.0]},{"id":124,"crs":null,"position":[150.0,40.0]},{"id":125,"crs":null,"position":[170.0,40.0]}],"payload_ids":["FireSat-Sensor"],"propagation_records":null,"target_records":[{"target_id":36,"samples":[]},{"target_id":37,"samples":[]},{"target_id":38,"samples":[]},{"target_id":39,"samples":[]},{"target_id":40,"samples":[]},{"target_id":41,"samples":[]},{"target_id":42,"samples":[]},{"target_id":43,"samples":[]},{"target_id":44,"samples":[]},{"target_id":45,"samples":[]},{"target_id":46,"samples":[]},{"target_id":47,"samples":[]},{"target_id":48,"samples":[]},{"target_id":49,"samples":[]},{"target_id":50,"samples":[]},{"target_id":51,"samples":[]},{"target_id":52,"samples":[]},{"target_id":53,"samples":[]},{"target_id":54,"samples":[]},{"target_id":55,"samples":[]},{"target_id":56,"samples":[]},{"target_id":57,"samples":[]},{"target_id":58,"samples":[]},{"target_id":59,"samples":[]},{"target_id":60,"samples":[]},{"target_id":61,"samples":[]},{"target_id":62,"samples":[]},{"target_id":63,"samples":[]},{"target_id":64,"samples":[]},{"target_id":65,"samples":[]},{"target_id":66,"samples":[]},{"target_id":67,"samples":[]},{"target_id":68,"samples":[]},{"target_id":69,"samples":[]},{"target_id":70,"samples":[]},{"target_id":71,"samples":[]},{"target_id":72,"samples":[{"satellite_id":"sat-4","instrument_id":"FireSat-Sensor","start":"2024-01-01T00:04:54.041590Z","duration":"PT1M12.631792S"},{"satellite_id":"sat-3","instrument_id":"FireSat-Sensor","start":"2024-01-01T00:26:34.054373Z","duration":"PT1M9.489223S"},{"satellite_id":"sat-2","instrument_id":"FireSat-Sensor","start":"2024-01-01T00:48:13.923404Z","duration":"PT1M9.597209S"}]},{"target_id":73,"samples":[{"satellite_id":"sat-4","instrument_id":"FireSat-Sensor","start":"2024-01-01T00:10:54.814165Z","duration":"PT1M9.904187S"},{"satellite_id":"sat-3","instrument_id":"FireSat-Sensor","start":"2024-01-01T00:32:35.301217Z","duration":"PT1M9.266251S"},{"satellite_id":"sat-2","instrument_id":"FireSat-Sensor","start":"2024-01-01T00:54:15.074573Z","duration":"PT1M9.587995S"}]},{"target_id":74,"samples":[{"satellite_id":"sat-4","instrument_id":"FireSat-Sensor","start":"2024-01-01T00:16:56.020856Z","duration":"PT1M9.83044S"},{"satellite_id":"sat-3","instrument_id":"FireSat-Sensor","start":"2024-01-01T00:38:36.181376Z","duration":"PT1M9.614871S"}]},{"target_id":75,"samples":[{"satellite_id":"sat-0","instrument_id":"FireSat-Sensor","start":"2024-01-01T00:01:17.039186Z","duration":"PT1M10.286684S"},{"satellite_id":"sat-4","instrument_id":"FireSat-Sensor","start":"2024-01-01T00:22:57.164220Z","duration":"PT1M9.780511S"},{"satellite_id":"sat-3","instrument_id":"FireSat-Sensor","start":"2024-01-01T00:44:37.211323Z","duration":"PT1M9.618612S"}]},{"target_id":76,"samples":[{"satellite_id":"sat-0","instrument_id":"FireSat-Sensor","start":"2024-01-01T00:07:18.112826Z","duration":"PT1M10.032129S"},{"satellite_id":"sat-4","instrument_id":"FireSat-Sensor","start":"2024-01-01T00:28:58.398310Z","duration":"PT1M9.70974S"},{"satellite_id":"sat-3","instrument_id":"FireSat-Sensor","start":"2024-01-01T00:50:38.400029Z","duration":"PT1M9.576408S"}]},{"target_id":77,"samples":[{"satellite_id":"sat-0","instrument_id":"FireSat-Sensor","start":"2024-01-01T00:13:19.287290Z","duration":"PT1M9.872806S"},{"satellite_id":"sat-4","instrument_id":"FireSat-Sensor","start":"2024-01-01T00:34:59.484945Z","duration":"PT1M9.770171S"},{"satellite_id":"sat-3","instrument_id":"FireSat-Sensor","start":"2024-01-01T00:56:39.539933Z","duration":"PT1M9.578661S"}]},{"target_id":78,"samples":[{"satellite_id":"sat-0","instrument_id":"FireSat-Sensor","start":"2024-01-01T00:19:20.425545Z","duration":"PT1M9.901894S"},{"satellite_id":"sat-4","instrument_id":"FireSat-Sensor","start":"2024-01-01T00:41:00.582645Z","duration":"PT1M9.551543S"}]},{"target_id":79,"samples":[{"satellite_id":"sat-1","instrument_id":"FireSat-Sensor","start":"2024-01-01T00:03:41.458519Z","duration":"PT1M13.726094S"},{"satellite_id":"sat-0","instrument_id":"FireSat-Sensor","start":"2024-01-01T00:25:21.637868Z","duration":"PT1M9.576851S"},{"satellite_id":"sat-4","instrument_id":"FireSat-Sensor","start":"2024-01-01T00:47:01.687143Z","duration":"PT1M9.5956S"}]},{"target_id":80,"samples":[{"satellite_id":"sat-1","instrument_id":"FireSat-Sensor","start":"2024-01-01T00:09:42.593957Z","duration":"PT1M9.627183S"},{"satellite_id":"sat-0","instrument_id":"FireSat-Sensor","start":"2024-01-01T00:31:22.824322Z","duration":"PT1M9.777533S"},{"satellite_id":"sat-4","instrument_id":"FireSat-Sensor","start":"2024-01-01T00:53:02.848572Z","duration":"PT1M9.589685S"}]},{"target_id":81,"samples":[{"satellite_id":"sat-1","instrument_id":"FireSat-Sensor","start":"2024-01-01T00:15:43.842088Z","duration":"PT1M9.579185S"},{"satellite_id":"sat-0","instrument_id":"FireSat-Sensor","start":"2024-01-01T00:37:23.969577Z","duration":"PT1M9.586627S"},{"satellite_id":"sat-4","instrument_id":"FireSat-Sensor","start":"2024-01-01T00:59:04.027864Z","duration":"PT55.972136S"}]},{"target_id":82,"samples":[{"satellite_id":"sat-2","instrument_id":"FireSat-Sensor","start":"2024-01-01T00:00:04.849555Z","duration":"PT1M11.086076S"},{"satellite_id":"sat-1","instrument_id":"FireSat-Sensor","start":"2024-01-01T00:21:44.857350Z","duration":"PT1M9.705637S"},{"satellite_id":"sat-0","instrument_id":"FireSat-Sensor","start":"2024-01-01T00:43:24.988983Z","duration":"PT1M9.602841S"}]},{"target_id":83,"samples":[{"satellite_id":"sat-2","instrument_id":"FireSat-Sensor","start":"2024-01-01T00:06:05.856449Z","duration":"PT1M10.103301S"},{"satellite_id":"sat-1","instrument_id":"FireSat-Sensor","start":"2024-01-01T00:27:46.065208Z","duration":"PT1M9.909739S"},{"satellite_id":"sat-0","instrument_id":"FireSat-Sensor","start":"2024-01-01T00:49:26.173425Z","duration":"PT1M9.571861S"}]},{"target_id":84,"samples":[{"satellite_id":"sat-2","instrument_id":"FireSat-Sensor","start":"2024-01-01T00:12:07.150445Z","duration":"PT1M9.617607S"},{"satellite_id":"sat-1","instrument_id":"FireSat-Sensor","start":"2024-01-01T00:33:47.242086Z","duration":"PT1M9.692481S"},{"satellite_id":"sat-0","instrument_id":"FireSat-Sensor","start":"2024-01-01T00:55:27.343101Z","duration":"PT1M9.550377S"}]},{"target_id":85,"samples":[{"satellite_id":"sat-2","instrument_id":"FireSat-Sensor","start":"2024-01-01T00:18:08.331267Z","duration":"PT1M9.686646S"},{"satellite_id":"sat-1","instrument_id":"FireSat-Sensor","start":"2024-01-01T00:39:48.322405Z","duration":"PT1M9.583167S"}]},{"target_id":86,"samples":[{"satellite_id":"sat-3","instrument_id":"FireSat-Sensor","start":"2024-01-01T00:02:29.182709Z","duration":"PT1M9.737341S"},{"satellite_id":"sat-2","instrument_id":"FireSat-Sensor","start":"2024-01-01T00:24:09.573524Z","duration":"PT1M9.424849S"},{"satellite_id":"sat-1","instrument_id":"FireSat-Sensor","start":"2024-01-01T00:45:49.444566Z","duration":"PT1M9.621389S"}]},{"target_id":87,"samples":[{"satellite_id":"sat-3","instrument_id":"FireSat-Sensor","start":"2024-01-01T00:08:30.370692Z","duration":"PT1M9.725552S"},{"satellite_id":"sat-2","instrument_id":"FireSat-Sensor","start":"2024-01-01T00:30:10.649739Z","duration":"PT1M9.664357S"},{"satellite_id":"sat-1","instrument_id":"FireSat-Sensor","start":"2024-01-01T00:51:50.644458Z","duration":"PT1M9.556774S"}]},{"target_id":88,"samples":[{"satellite_id":"sat-3","instrument_id":"FireSat-Sensor","start":"2024-01-01T00:14:31.626910Z","duration":"PT1M9.507609S"},{"satellite_id":"sat-2","instrument_id":"FireSat-Sensor","start":"2024-01-01T00:36:12.020782Z","duration":"PT1M9.285361S"},{"satellite_id":"sat-1","instrument_id":"FireSat-Sensor","start":"2024-01-01T00:57:51.766538Z","duration":"PT1M9.58019S"}]},{"target_id":89,"samples":[{"satellite_id":"sat-3","instrument_id":"FireSat-Sensor","start":"2024-01-01T00:20:32.824307Z","duration":"PT1M9.549492S"},{"satellite_id":"sat-2","instrument_id":"FireSat-Sensor","start":"2024-01-01T00:42:12.771873Z","duration":"PT1M9.585541S"}]},{"target_id":90,"samples":[]},{"target_id":91,"samples":[]},{"target_id":92,"samples":[]},{"target_id":93,"samples":[]},{"target_id":94,"samples":[]},{"target_id":95,"samples":[]},{"target_id":96,"samples":[]},{"target_id":97,"samples":[]},{"target_id":98,"samples":[]},{"target_id":99,"samples":[]},{"target_id":100,"samples":[]},{"target_id":101,"samples":[]},{"target_id":102,"samples":[]},{"target_id":103,"samples":[]},{"target_id":104,"samples":[]},{"target_id":105,"samples":[]},{"target_id":106,"samples":[]},{"target_id":107,"samples":[]},{"target_id":108,"samples":[]},{"target_id":109,"samples":[]},{"target_id":110,"samples":[]},{"target_id":111,"samples":[]},{"target_id":112,"samples":[]},{"target_id":113,"samples":[]},{"target_id":114,"samples":[]},{"target_id":115,"samples":[]},{"target_id":116,"samples":[]},{"target_id":117,"samples":[]},{"target_id":118,"samples":[]},{"target_id":119,"samples":[]},{"target_id":120,"samples":[]},{"target_id":121,"samples":[]},{"target_id":122,"samples":[]},{"target_id":123,"samples":[]},{"target_id":124,"samples":[]},{"target_id":125,"samples":[]}]}'], 'workflow_id': 0}
2024-10-29 16:25:27,368 - DEBUG - Requesting dependency OrbitPropagation from http://localhost:5000/tatc/OrbitPropagation
2024-10-29 16:25:46,002 - DEBUG - Received result for dependency OrbitPropagation: {'evaluator': 'TAT-C', 'function': 'OrbitPropagation', 'results': ['{"propagator":"sgp4","frame":"ICRF","satellite_records":[{"satellite_id":"sat-0","samples":[{"time":"2024-01-01T00:00:00Z","position":[6885169.551239811,-2018937.3811659191,-15917.729996023556],"velocity":[2098.593839289956,7156.835818991033,-5.107007734500898]},{"time":"2024-01-01T00:01:00Z","position":[6997618.237114463,-1585876.5088891485,-16193.007484865047],"velocity":[1648.447888188583,7273.721016434174,-4.065826437526989]},{"time":"2024-01-01T00:02:00Z","position":[7082856.811261875,-1146648.984417461,-16405.318922116196],"velocity":[1191.8920588941576,7362.322462958897,-3.008835324451102]},{"time":"2024-01-01T00:03:00Z","position":[7140553.829934131,-702962.7368186371,-16553.838742870248],"velocity":[730.7016607328255,7422.295643917813,-1.9401444765833025]},{"time":"2024-01-01T00:04:00Z","position":[7170484.944206043,-256543.03199220804,-16637.98943414468],"velocity":[266.6700229391209,7453.4073650250275,-0.8639094663667644]},{"time":"2024-01-01T00:05:00Z","position":[7172533.77224257,190874.23473275467,-16657.4437802643],"velocity":[-198.39847734025565,7455.53665893266,0.21568479836321303]},{"time":"2024-01-01T00:06:00Z","position":[7146692.351837479,637549.2914908695,-16612.126135337985],"velocity":[-662.6954343150098,7428.675255521203,1.2944403542066942]},{"time":"2024-01-01T00:07:00Z","position":[7093061.171222395,1081745.2515839038,-16502.212716977985],"velocity":[-1124.4154419648655,7372.927613825533,2.368162497654236]},{"time":"2024-01-01T00:08:00Z","position":[7011848.778307728,1521734.8691690685,-16328.130921148066],"velocity":[-1581.7631161887368,7288.510515765994,3.4326761004158888]},{"time":"2024-01-01T00:09:00Z","position":[6903370.96972896,1955807.2549576303,-16090.55766021666],"velocity":[-2032.960075375563,7175.75222311364,4.483841842557627]},{"time":"2024-01-01T00:10:00Z","position":[6768049.562538972,2382274.5299242227,-15790.416730076642],"velocity":[-2476.251856530436,7035.0912006437175,5.51757231030545]},{"time":"2024-01-01T00:11:00Z","position":[6606410.754502451,2799478.3865251862,-15428.875219173653],"velocity":[-2909.9147352522946,6867.074411669535,6.529847884684704]},{"time":"2024-01-01T00:12:00Z","position":[6419083.07747169,3205796.5387519095,-15007.338969209059],"velocity":[-3332.2624301538876,6672.355190613787,7.516732375787885]},{"time":"2024-01-01T00:13:00Z","position":[6206794.953246635,3599649.0300365,-14527.447108338656],"velocity":[-3741.652659520545,6451.690702391933,8.474388327603966]},{"time":"2024-01-01T00:14:00Z","position":[5970371.861682914,3979504.375701695,-13991.06567876651],"velocity":[-4136.493525981782,6205.93899875726,9.399091936815543]},{"time":"2024-01-01T00:15:00Z","position":[5710733.129901898,4343885.5196672985,-13400.280378620291],"velocity":[-4515.249708109304,5936.05568081135,10.287247536320312]},{"time":"2024-01-01T00:16:00Z","position":[5428888.358878773,4691375.575793473,-12757.388454919392],"velocity":[-4876.448428154909,5643.090184598326,11.135401571448007]},{"time":"2024-01-01T00:17:00Z","position":[5125933.495944098,5020623.3397173295,-12064.889766984732],"velocity":[-5218.685181228551,5328.181698655091,11.940256034456409]},{"time":"2024-01-01T00:18:00Z","position":[4803046.5745985415,5330348.5410730755,-11325.477068985341],"velocity":[-5540.629194620554,4992.55473576134,12.698681283915501]},{"time":"2024-01-01T00:19:00Z","position":[4461483.13331102,5619346.822430355,-10542.02553825991],"velocity":[-5841.028603065196,4637.514371019605,13.407728215616924]},{"time":"2024-01-01T00:20:00Z","position":[4102571.3327271016,5886494.422832342,-9717.581593783325],"velocity":[-6118.71531695628,4264.441166457951,14.064639730975667]},{"time":"2024-01-01T00:21:00Z","position":[3727706.792996411,6130752.546054701,-8855.351054535471],"velocity":[-6372.609562852905,3874.785804719878,14.666861454198914]},{"time":"2024-01-01T00:22:00Z","position":[3338347.164641968,6351171.401632924,-7958.68666852027],"velocity":[-6601.724083852897,3470.0634457928345,15.212051668958733]},{"time":"2024-01-01T00:23:00Z","position":[2936006.462437865,6546893.896726057,-7031.0750801365575],"velocity":[-6805.16797703783,3051.847837403247,15.698090420602151]},{"time":"2024-01-01T00:24:00Z","position":[2522249.177398152,6717158.969464581,-6076.123270654579],"velocity":[-6982.150158269536,2621.765194775476,16.12308776084053]},{"time":"2024-01-01T00:25:00Z","position":[2098684.1935220896,6861304.548175828,-5097.544533125902],"velocity":[-7131.9824381166845,2181.4878774497174,16.485391096348664]},{"time":"2024-01-01T00:26:00Z","position":[1666958.5319542198,6978770.125767631,-4099.144033996796],"velocity":[-7254.082197769877,1732.7278867097737,16.783591614624925]},{"time":"2024-01-01T00:27:00Z","position":[1228750.9458366383,7069098.939445256,-3084.804015126585],"velocity":[-7347.974654733299,1277.2302078148573,17.01652976261798]},{"time":"2024-01-01T00:28:00Z","position":[785765.3937929193,7131939.7464940455,-2058.4687007707844],"velocity":[-7413.294708659906,816.7660260755981,17.183299754799283]},{"time":"2024-01-01T00:29:00Z","position":[339724.4133872708,7167048.190319994,-1024.1289588997874],"velocity":[-7449.788361293442,353.1258389582732,17.283253095937106]},{"time":"2024-01-01T00:30:00Z","position":[-107637.57644687216,7174287.7505849805,14.193216066906258],"velocity":[-7457.313704110605,-111.88750564625501,17.316001102712292]},{"time":"2024-01-01T00:31:00Z","position":[-554581.020222464,7153630.274107104,1052.460343970367],"velocity":[-7435.841470202177,-576.4658202656641,17.28141641532399]},{"time":"2024-01-01T00:32:00Z","position":[-999367.9896404382,7105156.08429742,2086.635157411776],"velocity":[-7385.45514807591,-1038.8026083674135,17.17963349273643]},{"time":"2024-01-01T00:33:00Z","position":[-1440268.9410157322,7029053.668952018,3112.6962994559954],"velocity":[-7306.350657192147,-1497.1000883221532,17.011048090278]},{"time":"2024-01-01T00:34:00Z","position":[-1875569.4411437637,6925618.947337298,4126.653961894096],"velocity":[-7198.835586206202,-1949.5761845707098,16.776315720972594]},{"time":"2024-01-01T00:35:00Z","position":[-2303576.8335889853,6795254.119574161,5124.565398916592],"velocity":[-7063.327997040539,-2394.471456872047,16.47634910691143]},{"time":"2024-01-01T00:36:00Z","position":[-2722626.8206957877,6638466.102676543,6102.550258730686],"velocity":[-6900.354799312869,-2830.0559419590872,16.112314630321833]},{"time":"2024-01-01T00:37:00Z","position":[-3131089.93418554,6455864.559878104,7056.805669893329],"velocity":[-6710.549702014127,-3254.635879396423,15.685627799411735]},{"time":"2024-01-01T00:38:00Z","position":[-3527377.873035837,6248159.529353204,7983.621032705451],"velocity":[-6494.650748781968,-3666.560299496239,15.197947742993469]},{"time":"2024-01-01T00:39:00Z","position":[-3909949.678525947,6016158.663600385,8879.392445383468],"velocity":[-6253.497448480883,-4064.227441988737,14.651170760045064]},{"time":"2024-01-01T00:40:00Z","position":[-4277317.72520234,5760764.089732406,9740.63671534695],"velocity":[-5988.027511735387,-4446.090983363074,14.047422948199559]},{"time":"2024-01-01T00:41:00Z","position":[-4628053.507949872,5482968.900080679,10564.00490931413],"velocity":[-5699.273203193671,-4810.6660522827115,13.389051933183765]},{"time":"2024-01-01T00:42:00Z","position":[-4960793.193988232,5183853.292551918,11346.295369184265],"velocity":[-5388.357329724572,-5156.5350006645385,12.678617745040322]},{"time":"2024-01-01T00:43:00Z","position":[-5274242.928605399,4864580.368457951,12084.466167471772],"velocity":[-5056.488872571736,-5482.352918791789,11.918882859377172]},{"time":"2024-01-01T00:44:00Z","position":[-5567183.864420205,4526391.611511011,12775.646931394707],"velocity":[-4704.958288090293,-5786.85286306044,11.11280145979039]},{"time":"2024-01-01T00:45:00Z","position":[-5838476.902226084,4170602.059090048,13417.150007507878],"velocity":[-4335.1324886081375,-6068.850783939234,10.263507947830677]},{"time":"2024-01-01T00:46:00Z","position":[-6087067.119538982,3798595.1897078278,14006.480910665026],"velocity":[-3948.4495282841035,-6327.2501293231335,9.374304757453466]},{"time":"2024-01-01T00:47:00Z","position":[-6311987.872707476,3411817.543696263,14541.348023925015],"velocity":[-3546.4130116504875,-6561.046108579366,8.448649514521033]},{"time":"2024-01-01T00:48:00Z","position":[-6512364.556716314,3011773.0967923873,15019.67151191025],"velocity":[-3130.5862452975402,-6769.329600789956,7.490141588309736]},{"time":"2024-01-01T00:49:00Z","position":[-6687418.00503944,2600017.4137627557,15439.591405762927],"velocity":[-2702.5861609072495,-6951.290688849114,6.502508099910957]},{"time":"2024-01-01T00:50:00Z","position":[-6836467.520041727,2178151.5987642603,15799.474837100286],"velocity":[-2264.0770269922414,-7106.221809538595,5.4895894274809605]},{"time":"2024-01-01T00:51:00Z","position":[-6958933.519726396,1747816.0700808354,16097.92238708528],"velocity":[-1816.7639780689742,-7233.520504815808,4.455324274551765]},{"time":"2024-01-01T00:52:00Z","position":[-7054339.791979772,1310684.1795798605,16333.773529399483],"velocity":[-1362.3863824110563,-7332.691765115711,3.4037343501990427]},{"time":"2024-01-01T00:53:00Z","position":[-7122315.3455449315,868455.7091401173,16506.111141063964],"velocity":[-902.7110819066412,-7403.349953471297,2.338908738515969]},{"time":"2024-01-01T00:54:00Z","position":[-7162595.853444844,422850.25825085776,16614.265070698853],"velocity":[-439.5255187795346,-7445.220306002815,1.2649879915161433]},{"time":"2024-01-01T00:55:00Z","position":[-7175024.680576095,-24399.441431032243,16657.81474384012],"velocity":[25.36921362707392,-7458.140000168339,0.18614803154088036]},{"time":"2024-01-01T00:56:00Z","position":[-7159553.492923423,-471554.2637990436,16636.590798693953],"velocity":[490.16537441787773,-7442.058788123585,-0.8934160868124073]},{"time":"2024-01-01T00:57:00Z","position":[-7116242.445537307,-916875.451730467,16550.675744832097],"velocity":[953.0556054556405,-7397.039192218891,-1.9695064912313978]},{"time":"2024-01-01T00:58:00Z","position":[-7045259.948773318,-1358631.3768038116,16400.40364269636],"velocity":[1412.2399578210197,-7323.256262110552,-3.0379388116979573]},{"time":"2024-01-01T00:59:00Z","position":[-6946882.013332648,-1795104.2744166495,16186.358804473652],"velocity":[1865.9328927136519,-7220.996894045952,-4.094558455569471]},{"time":"2024-01-01T01:00:00Z","position":[-6821491.1771892505,-2224596.9220994394,15909.373522450029],"velocity":[2312.370223318436,-7090.658715528049,-5.1352567598801535]}]},{"satellite_id":"sat-1","samples":[{"time":"2024-01-01T00:00:00Z","position":[4047765.788049443,5924314.544070809,-9591.560855894588],"velocity":[-6158.027467329056,4207.473177191669,14.157768546336778]},{"time":"2024-01-01T00:01:00Z","position":[3670650.582329688,6165083.242431341,-8723.99117625835],"velocity":[-6408.294631267444,3815.478349315399,14.751644801257351]},{"time":"2024-01-01T00:02:00Z","position":[3279262.1497368915,6381879.1790712755,-7822.498437692787],"velocity":[-6633.643310312505,3408.647139127584,15.288159871200179]},{"time":"2024-01-01T00:03:00Z","position":[2875122.3937947047,6573859.3488449175,-6890.588059044368],"velocity":[-6833.19724490233,2988.5614943017003,15.765227534413937]},{"time":"2024-01-01T00:04:00Z","position":[2459802.8008733196,6740277.241833554,-5931.883736809069],"velocity":[-7006.180476818321,2556.854901380881,16.180992726140865]},{"time":"2024-01-01T00:05:00Z","position":[2034918.330741622,6880485.745690701,-4950.113357384766],"velocity":[-7151.920365989587,2115.2060353700967,16.53383875082451]},{"time":"2024-01-01T00:06:00Z","position":[1602121.134142671,6993939.662870924,-3949.0944950963303],"velocity":[-7269.850207000567,1665.3322295309915,16.822393570938]},{"time":"2024-01-01T00:07:00Z","position":[1163094.1316580926,7080197.829503125,-2932.7195751190434],"velocity":[-7359.511431540827,1208.982800995321,17.045535139310953]},{"time":"2024-01-01T00:08:00Z","position":[719544.4680095306,7138924.83147916,-1904.940733976539],"velocity":[-7420.555392193464,747.9322469016649,17.202395763791124]},{"time":"2024-01-01T00:09:00Z","position":[273196.8745321572,7169892.308563831,-869.7544533416458],"velocity":[-7452.74471800547,283.97334508033225,17.292365480928797]},{"time":"2024-01-01T00:10:00Z","position":[-174213.03838022592,7172979.842427848,168.8139824280433],"velocity":[-7455.954237579832,-181.08981805560043,17.315094428052458]},{"time":"2024-01-01T00:11:00Z","position":[-620945.5280098666,7148175.424841105,1206.726133496803],"velocity":[-7430.171465777766,-645.44886034896,17.27049420360921]},{"time":"2024-01-01T00:12:00Z","position":[-1065263.4860861185,7095575.504513755,2239.9461121183035],"velocity":[-7375.496652458458,-1107.2981375697354,17.15873821144825]},{"time":"2024-01-01T00:13:00Z","position":[-1505439.1932210114,7015384.611951707,3264.4562754436843],"velocity":[-7292.142392597045,-1564.8417642712982,16.980260986425957]},{"time":"2024-01-01T00:14:00Z","position":[-1939761.0358253117,6907914.564407866,4276.272845019498],"velocity":[-7180.432799943305,-2016.300595655289,16.735756505485423]},{"time":"2024-01-01T00:15:00Z","position":[-2366540.1634738497,6773583.253078596,5271.4614017700915],"velocity":[-7040.802246454261,-2459.91914754596,16.426175488644105]},{"time":"2024-01-01T00:16:00Z","position":[-2784117.053520387,6612913.018870002,6246.1521791815785],"velocity":[-6873.793674073371,-2893.9724199653992,16.052721704013422]},{"time":"2024-01-01T00:17:00Z","position":[-3190867.966872455,6426528.620479215,7196.555117213371],"velocity":[-6680.056482747997,-3316.772607586206,15.616847285333941]},{"time":"2024-01-01T00:18:00Z","position":[-3585211.2596763084,6215154.805836996,8118.9745947344],"velocity":[-6460.344006165527,-3726.6756604216703,15.120247087477212]},{"time":"2024-01-01T00:19:00Z","position":[-3965613.5343082403,5979613.493786183,9009.823801721017],"velocity":[-6215.510582352407,-4122.087677495168,14.564852095929439]},{"time":"2024-01-01T00:20:00Z","position":[-4330595.6026318045,5720820.57763567,9865.638688060742],"velocity":[-5946.508231233202,-4501.4711053817055,13.952821917414543]},{"time":"2024-01-01T00:21:00Z","position":[-4678738.235905265,5439782.365091968,10683.091428998552],"velocity":[-5654.382954222179,-4863.3507149954485,13.286536385780572]},{"time":"2024-01-01T00:22:00Z","position":[-5008687.68582228,5137591.663639734,11459.003370942333],"velocity":[-5340.270665274942,-5206.319340493845,12.568586304495659]},{"time":"2024-01-01T00:23:00Z","position":[-5319160.946719878,4815423.532617297,12190.357387323045],"velocity":[-5005.392775482611,-5529.043349149856,11.8017633759982]},{"time":"2024-01-01T00:24:00Z","position":[-5608950.74539051,4474530.713460168,12874.309612666388],"velocity":[-4651.051443132541,-5830.267828093342,10.989049345126523]},{"time":"2024-01-01T00:25:00Z","position":[-5876930.235419585,4116238.75863063,13508.200500628625],"velocity":[-4278.624510561479,-6108.821463931754,10.133604405331354]},{"time":"2024-01-01T00:26:00Z","position":[-6122057.378850125,3741940.8774700877,14089.565165455942],"velocity":[-3889.5601467558863,-6363.621097372307,9.238754911104467]},{"time":"2024-01-01T00:27:00Z","position":[-6343378.99863537,3353092.518076544,14616.142967855274],"velocity":[-3485.371215554008,-6593.675935652786,8.307980442139458]},{"time":"2024-01-01T00:28:00Z","position":[-6540034.4844297115,2951205.708915526,15085.886303984207],"velocity":[-3067.6293940920787,-6798.091404641634,7.344900275837664]},{"time":"2024-01-01T00:29:00Z","position":[-6711259.139597024,2537843.178669352,15496.96856880832],"velocity":[-2637.9590607285795,-6976.072628006811,6.353259312408672]},{"time":"2024-01-01T00:30:00Z","position":[-6856387.154613221,2114612.2799961832,15847.791258582125],"velocity":[-2198.0309791298446,-7126.927518043795,5.33691351397831]},{"time":"2024-01-01T00:31:00Z","position":[-6974854.196344419,1683158.738793115,16136.990187312009],"velocity":[-1749.5558009625067,-7250.069467227607,4.2998149094802525]},{"time":"2024-01-01T00:32:00Z","position":[-7066199.602328672,1245160.2552081374,16363.440791101413],"velocity":[-1294.277414472495,-7345.019629186033,3.2459962282756134]},{"time":"2024-01-01T00:33:00Z","position":[-7130068.1720876265,802319.9803525367,16526.262501093395],"velocity":[-833.9661638468167,-7411.408780804214,2.1795552200221224]},{"time":"2024-01-01T00:34:00Z","position":[-7166211.548558,356359.8930136324,16624.822168149767],"velocity":[-370.4119646165852,-7448.978758275964,1.1046387191986486]},{"time":"2024-01-01T00:35:00Z","position":[-7174489.1838422725,-90985.89605451109,16658.736524906755],"velocity":[94.58265623292317,-7457.583461070744,0.02542652064395083]},{"time":"2024-01-01T00:36:00Z","position":[-7154868.88578747,-537977.8874239055,16627.873676284886],"velocity":[559.2095696264356,-7437.189420185549,-1.0538848740903395]},{"time":"2024-01-01T00:37:00Z","position":[-7107426.943314884,-982877.9560089053,16532.353612712413],"velocity":[1021.6620742772858,-7387.875928521157,-2.1290985723996507]},{"time":"2024-01-01T00:38:00Z","position":[-7032347.829724499,-1423956.1116558155,16372.54774353339],"velocity":[1480.1419240557386,-7309.834732574092,-3.1960336148770527]},{"time":"2024-01-01T00:39:00Z","position":[-6929923.4853842845,-1859497.2251797759,16149.077452817965],"velocity":[1932.866319452594,-7203.369286908796,-4.250541230582056]},{"time":"2024-01-01T00:40:00Z","position":[-6800552.182981706,-2287807.6964750113,15862.811684183102],"velocity":[2378.074838840883,-7068.893574711381,-5.288520966811446]},{"time":"2024-01-01T00:41:00Z","position":[-6644736.978162299,-2707222.042944613,15514.863560466825],"velocity":[2814.036286922342,-6906.930497359979,-6.305936640778881]},{"time":"2024-01-01T00:42:00Z","position":[-6463083.754406924,-3116109.3725869963,15106.586057632021],"velocity":[3239.055423287423,-6718.1098422117475,-7.298832026843743]},{"time":"2024-01-01T00:43:00Z","position":[-6256298.86603441,-3512879.728710816,14639.56674149131],"velocity":[3651.4795575450844,-6503.165832645534,-8.263346247707197]},{"time":"2024-01-01T00:44:00Z","position":[-6025186.392528373,-3895990.2702255254,14115.621596721252],"velocity":[4049.7049735456317,-6262.934274079376,-9.195728782128118]},{"time":"2024-01-01T00:45:00Z","position":[-5770645.011059476,-4263951.27271147,13536.787963613715],"velocity":[4432.18316731503,-5998.349303104643,-10.09235405321311]},{"time":"2024-01-01T00:46:00Z","position":[-5493664.502584585,-4615331.920164714,12905.316617296883],"velocity":[4797.426867406509,-5710.439755724973,-10.949735524102922]},{"time":"2024-01-01T00:47:00Z","position":[-5195321.903338819,-4948765.868707059,12223.663016234445],"velocity":[5144.015818220058,-5400.325166982348,-11.764539255507309]},{"time":"2024-01-01T00:48:00Z","position":[-4876777.315537558,-5262956.56108602,11494.477751384062],"velocity":[5470.602304277393,-5069.211416332668,-12.53359687350827]},{"time":"2024-01-01T00:49:00Z","position":[-4539269.397647428,-5556682.26679739,10720.596242458361],"velocity":[5775.916389290567,-4718.386039933616,-13.253917886196788]},{"time":"2024-01-01T00:50:00Z","position":[-4184110.5471729543,-5828800.8336342815,9905.027710868708],"velocity":[6058.770855266304,-4349.213223303003,-13.922701314449961]},{"time":"2024-01-01T00:51:00Z","position":[-3812681.7978585144,-6078254.1286133975,9050.943479468544],"velocity":[6318.065818725461,-3963.1284971121336,-14.53734658288636]},{"time":"2024-01-01T00:52:00Z","position":[-3426427.4479212747,-6304072.153576569,8161.664637193061],"velocity":[6552.793008754286,-3561.63315338653,-15.095463634946167]},{"time":"2024-01-01T00:53:00Z","position":[-3026849.4466627254,-6505376.815260035,7240.64913141176],"velocity":[6762.039685881322,-3146.288410541852,-15.594882222403339]},{"time":"2024-01-01T00:54:00Z","position":[-2615501.5516428715,-6681385.341374103,6291.478316003251],"velocity":[6944.992192987937,-2718.709339921152,-16.033660348473532]},{"time":"2024-01-01T00:55:00Z","position":[-2193983.287895839,-6831413.323761347,5317.8430276131885],"velocity":[7100.939118572766,-2280.5585865558073,-16.41009181776945]},{"time":"2024-01-01T00:56:00Z","position":[-1763933.7281511608,-6954877.37979198,4323.529233816723],"velocity":[7229.274063179111,-1833.5399038641438,-16.72271287110428]},{"time":"2024-01-01T00:57:00Z","position":[-1327025.118438787,-7051297.421072333,3312.4033094368983],"velocity":[7329.497997629759,-1379.3915276294458,-16.9703078779541]},{"time":"2024-01-01T00:58:00Z","position":[-884956.3769154638,-7120298.51989606,2288.3970053261614],"velocity":[7401.2212031209165,-919.8794181950107,-17.151914062533585]},{"time":"2024-01-01T00:59:00Z","position":[-439446.4859415994,-7161612.367499396,1255.4921558948724],"velocity":[7444.1647870020915,-456.79039169746125,-17.2668252484711]},{"time":"2024-01-01T01:00:00Z","position":[7772.191008453276,-7175078.317104544,217.7051985067622],"velocity":[7458.161766949468,8.074826830884108,-17.314594604068645]}]},{"satellite_id":"sat-2","samples":[{"time":"2024-01-01T00:00:00Z","position":[-4383500.494726607,5680384.342940273,9989.790379529459],"velocity":[-5904.476789037948,-4556.463526513251,13.857018960810539]},{"time":"2024-01-01T00:01:00Z","position":[-4729019.994116056,5396127.312250602,10801.257252406764],"velocity":[-5609.0057030466805,-4915.61650924874,13.18287633440459]},{"time":"2024-01-01T00:02:00Z","position":[-5056150.789775491,5090887.543972562,11570.72383992233],"velocity":[-5291.72405236489,-5255.655272343926,12.457472233453409]},{"time":"2024-01-01T00:03:00Z","position":[-5363620.8364076195,4765851.953610192,12295.198078220641],"velocity":[-4953.865572054482,-5575.257575771544,11.683627345087084]},{"time":"2024-01-01T00:04:00Z","position":[-5650234.538796558,4422284.432560857,12971.8628537167],"velocity":[-4596.744010324739,-5873.180645311243,10.86435071874582]},{"time":"2024-01-01T00:05:00Z","position":[-5914877.400143604,4061520.934554147,13598.08695569817],"velocity":[-4221.748021217311,-6148.2660043553215,10.002828068292962]},{"time":"2024-01-01T00:06:00Z","position":[-6156520.357589575,3684964.2785563963,14171.435312051482],"velocity":[-3830.335762562957,-6399.4439805697175,9.102409379225598]},{"time":"2024-01-01T00:07:00Z","position":[-6374223.781741981,3294078.6966384063,14689.678453350243],"velocity":[-3424.02922883051,-6625.737863312681,8.1665958889662]},{"time":"2024-01-01T00:08:00Z","position":[-6567141.131620694,2890384.1388938637,15150.80118498855],"velocity":[-3004.408331431225,-6826.267702884763,7.199026469086315]},{"time":"2024-01-01T00:09:00Z","position":[-6734522.246160696,2475450.363700597,15553.010422624253],"velocity":[-2573.104755885786,-7000.253732003113,6.20346347712041]},{"time":"2024-01-01T00:10:00Z","position":[-6875716.261635813,2050890.8327919366,15894.742165616175],"velocity":[-2131.7956160883664,-7147.01939844283,5.183778124540889]},{"time":"2024-01-01T00:11:00Z","position":[-6990174.141890551,1618356.4393150378,16174.667577085555],"velocity":[-1682.196934955586,-7265.993995213416,4.143935428471858]},{"time":"2024-01-01T00:12:00Z","position":[-7077450.8140243115,1179529.0866167252,16391.698152929817],"velocity":[-1226.056969900314,-7356.714880622827,3.0879787896830626]},{"time":"2024-01-01T00:13:00Z","position":[-7137206.898920928,736115.148349917,16544.989954175875],"velocity":[-765.1494149300765,-7418.829277201607,2.0200142703193693]},{"time":"2024-01-01T00:14:00Z","position":[-7169210.03081922,289838.83449695545,16633.946888377923],"velocity":[-301.2665049367286,-7452.095643452333,0.9441946305356093]},{"time":"2024-01-01T00:15:00Z","position":[-7173335.761160119,-157564.51507125518,16658.223028293665],"velocity":[163.78795535065314,-7456.384613469895,-0.13529682396737663]},{"time":"2024-01-01T00:16:00Z","position":[-7149568.042465109,-604355.1759693398,16617.72395688042],"velocity":[628.2056028954355,-7431.679500018378,-1.2142625027348664]},{"time":"2024-01-01T00:17:00Z","position":[-7097999.290835472,-1048795.807143205,16512.60713479502],"velocity":[1090.1805512540725,-7378.076359596645,-2.288506860003598]},{"time":"2024-01-01T00:18:00Z","position":[-7018830.026684877,-1489158.2042474211,16343.28128828451],"velocity":[1547.9164104495399,-7295.7836190883045,-3.353852703664003]},{"time":"2024-01-01T00:19:00Z","position":[-6912368.09511235,-1923730.0206368864,16110.404820145615],"velocity":[1999.6332731923833,-7185.121265457272,-4.406157440462233]},{"time":"2024-01-01T00:20:00Z","position":[-6779027.468629937,-2350821.426656665,15814.883249088758],"velocity":[2443.574636975533,-7046.519601308931,-5.441329186606108]},{"time":"2024-01-01T00:21:00Z","position":[-6619326.638121977,-2768771.678384848,15457.865690203455],"velocity":[2878.014232058465,-6880.51757242459,-6.455342673943185]},{"time":"2024-01-01T00:22:00Z","position":[-6433886.595869004,-3175955.5782657037,15040.740384848837],"velocity":[3301.262737083639,-6687.760671252478,-7.444254909236301]},{"time":"2024-01-01T00:23:00Z","position":[-6223428.42158326,-3570789.792566729,14565.129304221527],"velocity":[3711.674345873861,-6468.998427733501,-8.404220501499784]},{"time":"2024-01-01T00:24:00Z","position":[-5988770.478177227,-3951739.0092129293,14032.881841676744],"velocity":[4107.653168313417,-6225.081494447604,-9.331506617494197]},{"time":"2024-01-01T00:25:00Z","position":[-5730825.229648375,-4317321.90770762,13446.067621606997],"velocity":[4487.65943590446,-5956.9583389523195,-10.222507496693593]},{"time":"2024-01-01T00:26:00Z","position":[-5450595.693111267,-4666116.919146118,12806.968452096939],"velocity":[4850.215489135589,-5665.671555819109,-11.07375847221721]},{"time":"2024-01-01T00:27:00Z","position":[-5149171.538035049,-4996767.754688592,12118.069450950847],"velocity":[5193.911524173679,-5352.35381194071,-11.881949445086272]},{"time":"2024-01-01T00:28:00Z","position":[-4827724.8498437125,-5307988.678569252,11382.049384137767],"velocity":[5517.411074010633,-5018.2234429443415,-12.64393775348341]},{"time":"2024-01-01T00:29:00Z","position":[-4487505.571734593,-5598569.508395152,10601.770248262557],"velocity":[5819.456206136203,-4664.579715113143,-13.35676039491121]},{"time":"2024-01-01T00:30:00Z","position":[-4129836.6445513056,-5867380.320703517,9780.266142368439],"velocity":[6098.872413835062,-4292.797773435564,-14.017645547425348]},{"time":"2024-01-01T00:31:00Z","position":[-3756108.861999948,-6113375.845100548,8920.731468680864],"velocity":[6354.573183771646,-3904.3232937545126,-14.624023349083508]},{"time":"2024-01-01T00:32:00Z","position":[-3367775.4628111296,-6335599.528531728,8026.50851182457],"velocity":[6585.564220683447,-3500.6668614722694,-15.17353589035376]},{"time":"2024-01-01T00:33:00Z","position":[-2966346.4801650466,-6533187.254698988,7101.074443189444],"velocity":[6790.947313605786,-3083.3980979312087,-15.66404638264017]},{"time":"2024-01-01T00:34:00Z","position":[-2553382.869356602,-6705370.704544351,6148.02779867835],"velocity":[6969.923828991017,-2654.1395562764574,-16.093647468207585]},{"time":"2024-01-01T00:35:00Z","position":[-2130490.438137838,-6851480.343761984,5171.074486119031],"velocity":[7121.797816129444,-2214.5604122033874,-16.4606686368029]},{"time":"2024-01-01T00:36:00Z","position":[-1699313.6022831793,-6970948.0263439445,4174.013374300538],"velocity":[7245.978713442693,-1766.3699730266728,-16.76368272167431]},{"time":"2024-01-01T00:37:00Z","position":[-1261528.9922337662,-7063309.203576066,3160.721523323291],"velocity":[7341.9836446478985,-1311.3110319490297,-17.001511448557547]},{"time":"2024-01-01T00:38:00Z","position":[-818838.9316482561,-7128204.730902247,2135.139104361908],"velocity":[7409.439296911678,-851.1530891805323,-17.173230018623734]},{"time":"2024-01-01T00:39:00Z","position":[-372964.8188508165,-7165382.264072382,1101.2540805027645],"velocity":[7448.083372070215,-387.6854721237929,-17.278170703613956]},{"time":"2024-01-01T00:40:00Z","position":[74359.56561101187,-7174697.240374521,63.08670240812722],"velocity":[7457.76560655055,77.28962124469363,-17.315925442233834]},{"time":"2024-01-01T00:41:00Z","position":[521394.80373576033,-7156113.440917245,-975.3261312675638],"velocity":[7438.4483558002885,541.9641333816919,-17.28634742733809]},{"time":"2024-01-01T00:42:00Z","position":[966402.6005115676,-7109703.131362254,-2009.946563707969],"velocity":[7390.206740523647,1004.5311744717397,-17.18955167638021]},{"time":"2024-01-01T00:43:00Z","position":[1407652.5464418523,-7035646.780779463,-3036.751488462914],"velocity":[7313.228354383939,1463.1920518792226,-17.02591458386831]},{"time":"2024-01-01T00:44:00Z","position":[1843428.8437861917,-6934232.360038638,-4051.7481875604617],"velocity":[7207.812534643356,1916.1632618757378,-16.796072457944632]},{"time":"2024-01-01T00:45:00Z","position":[2272036.980321325,-6805854.221702133,-5050.989861544522],"velocity":[7074.369197783062,2361.683426807335,-16.500919045260318]},{"time":"2024-01-01T00:46:00Z","position":[2691810.3170446246,-6651011.56682481,-6030.590973302833],"velocity":[6913.417245724418,2798.020142797877,-16.141602056059735]},{"time":"2024-01-01T00:47:00Z","position":[3101116.569730549,-6470306.503570789,-6986.74235889555],"velocity":[6725.582547755971,3223.476717105355,-15.719518700633298]},{"time":"2024-01-01T00:48:00Z","position":[3498364.1558673885,-6264441.705891296,-7915.726039008014],"velocity":[6511.595506737217,3636.3987655341675,-15.236310256062827]},{"time":"2024-01-01T00:49:00Z","position":[3882008.3835235615,-6034217.6811087625,-8813.929676289927],"velocity":[6272.288218775019,4035.1806455266697,-14.69385568381157]},{"time":"2024-01-01T00:50:00Z","position":[4250557.457867718,-5780529.6570769455,-9677.860621885553],"velocity":[6008.591237464907,4418.271699699942,-14.094264323074464]},{"time":"2024-01-01T00:51:00Z","position":[4602578.28167165,-5504364.101287408,-10504.159495792383],"velocity":[5721.529955557448,4784.182285222589,-13.439867688935259]},{"time":"2024-01-01T00:52:00Z","position":[4936702.029325735,-5206794.883731327,-11289.613253131185],"velocity":[5412.220616326304,5131.489567753559,-12.733210403135999]},{"time":"2024-01-01T00:53:00Z","position":[5251629.466892902,-4888979.103203931,-12031.167671908359],"velocity":[5081.865975103566,5458.843051385123,-11.977040304026954]},{"time":"2024-01-01T00:54:00Z","position":[5546136.006394392,-4552152.586026558,-12725.939234557112],"velocity":[4731.75062031333,5764.969832317837,-11.174297756954353]},{"time":"2024-01-01T00:55:00Z","position":[5819076.466596581,-4197625.081274854,-13371.226338099754],"velocity":[4363.2359790437695,6048.679547443258,-10.328104222279089]},{"time":"2024-01-01T00:56:00Z","position":[6069389.526031942,-3826775.1678171596,-13964.519799298201],"velocity":[3977.7550230672455,6308.8690030052785,-9.441750117454875]},{"time":"2024-01-01T00:57:00Z","position":[6296101.850333407,-3441044.8929726467,-14503.512612538678],"velocity":[3576.806695900836,6544.526464713322,-8.518682020377403]},{"time":"2024-01-01T00:58:00Z","position":[6498331.87618001,-3041934.1663064323,-14986.108918583643],"velocity":[3161.9500853536188,6754.735590907917,-7.562489270148651]},{"time":"2024-01-01T00:59:00Z","position":[6675293.240018093,-2630994.9257753463,-15410.432156155402],"velocity":[2734.798359454654,6938.678996477316,-6.576890006374984]},{"time":"2024-01-01T01:00:00Z","position":[6826297.8351281,-2209825.10409243,-15774.832357278538],"velocity":[2297.012494730087,7095.6414304482505,-5.565716713716495]}]},{"satellite_id":"sat-3","samples":[{"time":"2024-01-01T00:00:00Z","position":[-6756918.888410282,-2413632.684187088,15765.592349476838],"velocity":[2508.863975074605,-7023.538722749051,-5.593668248980593]},{"time":"2024-01-01T00:01:00Z","position":[-6593346.186686207,-2830082.8443806875,15399.536135226359],"velocity":[2941.7443000488433,-6853.512039452913,-6.6041921935083945]},{"time":"2024-01-01T00:02:00Z","position":[-6404135.297588402,-3235528.24420559,14973.598986064357],"velocity":[3363.1857196682313,-6656.835494065373,-7.58903608391577]},{"time":"2024-01-01T00:03:00Z","position":[-6190021.963743926,-3628392.3102359762,14489.43713791366],"velocity":[3771.549454738741,-6434.27385814618,-8.544370349176972]},{"time":"2024-01-01T00:04:00Z","position":[-5951838.761086134,-4007147.391451797,13948.933233561766],"velocity":[4165.24757843015,-6186.692558251401,-9.466480165163032]},{"time":"2024-01-01T00:05:00Z","position":[-5690511.862111553,-4370320.698537538,13354.189003710619],"velocity":[4542.749190002485,-5915.054311486333,-10.351779897542842]},{"time":"2024-01-01T00:06:00Z","position":[-5407057.432806042,-4716500.033281372,12707.517090687588],"velocity":[4902.586370352219,-5620.415380259305,-11.196827050697244]},{"time":"2024-01-01T00:07:00Z","position":[-5102577.683181195,-5044339.27722012,12011.43206010401],"velocity":[5243.359887304534,-5303.921466964111,-11.998335647493747]},{"time":"2024-01-01T00:08:00Z","position":[-4778256.580265085,-5352563.627627791,11268.64062058689],"velocity":[5563.744638278282,-4966.803257784573,-12.753189010914221]},{"time":"2024-01-01T00:09:00Z","position":[-4435355.244628306,-5639974.554166018,10482.031099670958],"velocity":[5862.494802587529,-4610.371637534325,-13.458451882397565]},{"time":"2024-01-01T00:10:00Z","position":[-4075207.045674636,-5905454.46006466,9654.662210644445],"velocity":[6138.448686610029,-4236.012591362889,-14.111381837473964]},{"time":"2024-01-01T00:11:00Z","position":[-3699212.4184441864,-6147971.026654138,8789.75116249193],"velocity":[6390.533239807119,-3845.1818169742983,-14.709439946791889]},{"time":"2024-01-01T00:12:00Z","position":[-3308833.416529908,-6366581.228771802,7890.661146401992],"velocity":[6617.768228623738,-3439.3990625363217,-15.250300651918659]},{"time":"2024-01-01T00:13:00Z","position":[-2905588.026927481,-6560435.001500736,6960.8882581389735],"velocity":[6819.270047954795,-3020.2422171203843,-15.731860807892406]},{"time":"2024-01-01T00:14:00Z","position":[-2491044.2684191903,-6728778.545120883,6004.047906003601],"velocity":[6994.255156539063,-2589.3411761264283,-16.15224786010841]},{"time":"2024-01-01T00:15:00Z","position":[-2066814.092582033,-6870957.257061203,5023.8607483244605],"velocity":[7142.043124626192,-2148.371501537709,-16.509827127839962]},{"time":"2024-01-01T00:16:00Z","position":[-1634547.1179996813,-6986418.276454803,4024.1382309988767],"velocity":[7262.059278949977,-1699.0479087933734,-16.803208158602015]},{"time":"2024-01-01T00:17:00Z","position":[-1195924.212899785,-7074712.634869874,3008.76776020718],"velocity":[7353.836938326784,-1243.117596102525,-17.031250137326886]},{"time":"2024-01-01T00:18:00Z","position":[-752650.9612302491,-7135497.001434175,1981.6975912050762],"velocity":[7417.019227631658,-782.3534525967049,-17.193066320721687]},{"time":"2024-01-01T00:19:00Z","position":[-306451.0296508946,-7168535.01815611,946.9214736191901],"velocity":[7451.360465789571,-318.5471634885058,-17.28802748608567]},{"time":"2024-01-01T00:20:00Z","position":[140940.53583862967,-7173698.21896628,-91.53688029377227],"velocity":[7456.727121050384,146.49775790785063,-17.31576437797811]},{"time":"2024-01-01T00:21:00Z","position":[587784.0543844202,-7150966.529156999,-1129.6394366082045],"velocity":[7433.098330094288,610.9729808878485,-17.276169143715187]},{"time":"2024-01-01T00:22:00Z","position":[1032341.9779892878,-7100428.343439921,-2163.349548478169],"velocity":[7380.5659791181815,1073.0723922043987,-17.169395752806228]},{"time":"2024-01-01T00:23:00Z","position":[1472885.6457159987,-7022280.1821988225,-3188.647647376552],"velocity":[7299.3343464642485,1530.9991168678641,-16.99585939803414]},{"time":"2024-01-01T00:24:00Z","position":[1907702.0066640268,-6916825.927249615,-4201.546875660512],"velocity":[7189.719308155377,1982.972506479052,-16.75623488076138]},{"time":"2024-01-01T00:25:00Z","position":[2335100.2809872404,-6784475.640144454,-5198.108589030077],"velocity":[7052.14710949539,2427.235063148651,-16.451453986731845]},{"time":"2024-01-01T00:26:00Z","position":[2753418.534318195,-6625743.967667707,-6174.457671516331],"velocity":[6887.1527075664335,2862.059273395626,-16.0827018627502]},{"time":"2024-01-01T00:27:00Z","position":[3161030.1409894787,-6441248.140259462,-7126.797605695293],"velocity":[6695.3776905868945,3285.7543264429787,-15.651412407239754]},{"time":"2024-01-01T00:28:00Z","position":[3556350.1079993476,-6231705.572293432,-8051.425232705411],"velocity":[6477.567783410468,3696.6726877504407,-15.159262695264461]},{"time":"2024-01-01T00:29:00Z","position":[3937841.239038399,-5997931.07205875,-8944.745153783797],"velocity":[6234.569947327171,4093.2165062840854,-14.60816645626057]},{"time":"2024-01-01T00:30:00Z","position":[4304020.111496288,-5740833.6735044895,-9803.283710080772],"velocity":[5967.329086702564,4473.843827372984,-14.000266632642122]},{"time":"2024-01-01T00:31:00Z","position":[4653462.845246472,-5461413.101037566,-10623.702491134622],"velocity":[5676.884374192975,4837.074589114037,-13.337927045820066]},{"time":"2024-01-01T00:32:00Z","position":[4984810.638988203,-5160755.882218949,-11402.811315299787],"velocity":[5364.365209969106,5181.496377148627,-12.623723204624026]},{"time":"2024-01-01T00:33:00Z","position":[5296775.053617896,-4840031.123051618,-12137.580634002381],"velocity":[5030.986830222817,5505.769916473401,-11.860432290891687]},{"time":"2024-01-01T00:34:00Z","position":[5588143.02275825,-4500485.961460116,-12825.153313159233],"velocity":[4678.045581174064,5808.634279630015,-11.051022359185957]},{"time":"2024-01-01T00:35:00Z","position":[5857781.569544605,-4143440.717865509,-13462.8557426234],"velocity":[4306.913878229246,6088.911789549223,-10.19864079556134]},{"time":"2024-01-01T00:36:00Z","position":[6104642.212246885,-3770283.7609005678,-14048.208232628336],"velocity":[3919.034869049124,6345.512598941136,-9.30660207831551]},{"time":"2024-01-01T00:37:00Z","position":[6327765.040673601,-3382466.109585363,-14578.9346546086],"velocity":[3515.9168226890524,6577.438927466853,-8.378374891569434]},{"time":"2024-01-01T00:38:00Z","position":[6526282.44971317,-2981495.7894283426,-15052.971294149444],"velocity":[3099.127262966885,6783.788942509441,-7.417568633355826]},{"time":"2024-01-01T00:39:00Z","position":[6699422.512273246,-2568931.9692734326,-15468.474874002324],"velocity":[2670.286873938298,6963.760265106427,-6.427919382331879]},{"time":"2024-01-01T00:40:00Z","position":[6846511.980452888,-2146378.8996714577,-15823.82972056264],"velocity":[2231.0631990784827,7116.653089439557,-5.4132753728784735]},{"time":"2024-01-01T00:41:00Z","position":[6966978.904449423,-1715479.6720357812,-16117.654048805365],"velocity":[1783.1641541906902,7241.872904970973,-4.377582024704816]},{"time":"2024-01-01T00:42:00Z","position":[7060354.855402419,-1277909.8326369848,-16348.805332529679],"velocity":[1328.3313894405012,7338.932806885471,-3.324866608662183]},{"time":"2024-01-01T00:43:00Z","position":[7126276.747664339,-835370.864260723,-16516.384749013254],"velocity":[868.3335138461788,7407.45539015219,-2.259222579563184]},{"time":"2024-01-01T00:44:00Z","position":[7164488.249987945,-389583.5724533173,-16619.740672476946],"velocity":[404.95922060657534,7447.174216282801,-1.1847936647528723]},{"time":"2024-01-01T00:45:00Z","position":[7174840.782495302,57718.60763681447,-16658.47120853984],"velocity":[-59.989670093949805,7457.934849529069,-0.10575774694464629]},{"time":"2024-01-01T00:46:00Z","position":[7157294.094194719,504796.35021903185,-16632.425756419856],"velocity":[-524.7052158753107,7439.695457081303,0.9736893777609557]},{"time":"2024-01-01T00:47:00Z","position":[7111916.419507468,949911.2029997918,-16541.70559462972],"velocity":[-987.3803831113227,7392.526971670566,2.049350316976846]},{"time":"2024-01-01T00:48:00Z","position":[7038884.212846884,1391332.3468766734,-16386.66348696901],"velocity":[-1446.2160732464056,7316.612815580975,3.1170424027908403]},{"time":"2024-01-01T00:49:00Z","position":[6938481.462415601,1827343.3261527692,-16167.902310698852],"velocity":[-1899.4281184583128,7212.248187285277,4.17261395573256]},{"time":"2024-01-01T00:50:00Z","position":[6811098.585866562,2256248.7228884245,-15886.272712172242],"velocity":[-2345.2542192441015,7079.838913455187,5.2119604282063845]},{"time":"2024-01-01T00:51:00Z","position":[6657230.912277697,2676380.749057178,-15542.86979938404],"velocity":[-2781.9607965585783,6919.899870973027,6.231040363693375]},{"time":"2024-01-01T00:52:00Z","position":[6477476.755344882,3086105.733390259,-15139.028882069144],"velocity":[-3207.8497344790253,6733.05298404392,7.2258911157691195]},{"time":"2024-01-01T00:53:00Z","position":[6272535.088026149,3483830.470698126,-14676.320282044826],"velocity":[-3621.2649799153696,6520.024807046028,8.192644248872304]},{"time":"2024-01-01T00:54:00Z","position":[6043202.823523341,3868008.4196684645,-14156.543224676536],"velocity":[-4020.5989848145514,6281.643698198562,9.127540586867449]},{"time":"2024-01-01T00:55:00Z","position":[5790371.716940108,4237145.71532492,-13581.718843655612],"velocity":[-4404.298955710847,6018.836598952632,10.026944827323286]},{"time":"2024-01-01T00:56:00Z","position":[5515024.897761199,4589806.977849859,-12954.082322019678],"velocity":[-4770.872891605431,5732.625429650396,10.887359677009185]},{"time":"2024-01-01T00:57:00Z","position":[5218233.046453472,4924620.894607342,-12276.074199548226],"velocity":[-5118.895386099158,5424.123115277794,11.705439452257156]},{"time":"2024-01-01T00:58:00Z","position":[4901150.232083007,5240285.551264011,-11550.33088495903],"velocity":[-5447.013168727169,5094.529258871626,12.478003085457892]},{"time":"2024-01-01T00:59:00Z","position":[4565009.423659953,5535573.495433264,-10779.674401856422],"velocity":[-5753.950368268428,4745.125475793752,13.202046497276587]},{"time":"2024-01-01T01:00:00Z","position":[4211117.696636331,5809336.508605169,-9967.101417395106],"velocity":[-6038.513472838124,4377.270411142453,13.87475427534983]}]},{"satellite_id":"sat-4","samples":[{"time":"2024-01-01T00:00:00Z","position":[207509.36676412512,-7172081.338942026,-246.15222438754705],"velocity":[7455.0463999220965,215.6932755808819,-17.314111426714643]},{"time":"2024-01-01T00:01:00Z","position":[654122.6804642684,-7145203.716660716,-1283.8550650415],"velocity":[7427.108103990249,679.9292054486394,-17.264502407661045]},{"time":"2024-01-01T00:02:00Z","position":[1098192.4416605462,-7090542.007634442,-2316.565795940897],"velocity":[7370.289542022538,1141.5211868144002,-17.14776059930707]},{"time":"2024-01-01T00:03:00Z","position":[1537991.8879069716,-7008308.766579606,-3340.2687352133066],"velocity":[7284.811659386871,1598.6743181845527,-16.96433995674721]},{"time":"2024-01-01T00:04:00Z","position":[1971810.8624760306,-6898823.760095409,-4350.983228547812],"velocity":[7171.006843669636,2049.610959637581,-16.71495371634975]},{"time":"2024-01-01T00:05:00Z","position":[2397962.4631317053,-6762512.72355139,-5344.7791252113575],"velocity":[7029.317632434863,2492.5776440140016,-16.400571622917397]},{"time":"2024-01-01T00:06:00Z","position":[2814789.6044638515,-6599905.704714919,-6317.792066983974],"velocity":[6860.294991411018,2925.8518982459473,-16.022416156639654]},{"time":"2024-01-01T00:07:00Z","position":[3220671.4582783454,-6411635.003550673,-7266.238507263161],"velocity":[6664.596172911064,3347.7489379188623,-15.581957781391715]},{"time":"2024-01-01T00:08:00Z","position":[3614029.757991076,-6198432.712927384,-8186.430427582603],"velocity":[6442.982159409401,3756.6282204581803,-15.080909225321033]},{"time":"2024-01-01T00:09:00Z","position":[3993334.9351369804,-5961127.872037345,-9074.78967709365],"velocity":[6196.314704548608,4150.899823793347,-14.521218821139513]},{"time":"2024-01-01T00:10:00Z","position":[4357112.067947012,-5700643.242029384,-9927.86188819297],"velocity":[5925.552981453192,4529.030629660689,-13.905062928343867]},{"time":"2024-01-01T00:11:00Z","position":[4703946.614823322,-5417991.718946473,-10742.329904704942],"velocity":[5631.749854038603,4889.550283303239,-13.234837472882212]},{"time":"2024-01-01T00:12:00Z","position":[5032489.916335367,-5114272.393999643,-11515.026684267981],"velocity":[5316.047781744714,5231.056912544045,-12.513148627898683]},{"time":"2024-01-01T00:13:00Z","position":[5341464.439174742,-4790666.279696751,-12242.947612668682],"velocity":[4979.674376944622,5552.22257862301,-11.7428026793454]},{"time":"2024-01-01T00:14:00Z","position":[5629668.74291773,-4448431.718315857,-12923.262185104542],"velocity":[4623.937632170722,5851.7984388910245,-10.926795115607659]},{"time":"2024-01-01T00:15:00Z","position":[5895982.15303571,-4088899.4874150637,-13553.325015458502],"velocity":[4250.220832431147,6128.619604148908,-10.0682989760281]},{"time":"2024-01-01T00:16:00Z","position":[6139369.117012415,-3713467.6270129206,-14130.68611905194],"velocity":[3859.977178224021,6381.609666577861,-9.17065251698771]},{"time":"2024-01-01T00:17:00Z","position":[6358883.23275381,-3323596.0009295954,-14653.10044336064],"velocity":[3454.7241322338505,6609.784887021599,-8.237346225315825]},{"time":"2024-01-01T00:18:00Z","position":[6553670.92726704,-2920800.621947694,-15118.536594587229],"velocity":[3036.0375205403016,6812.2580187288595,-7.272009249856368]},{"time":"2024-01-01T00:19:00Z","position":[6722974.7762183435,-2506647.7561164354,-15525.184737792752],"velocity":[2605.545404268626,6988.241757797014,-6.278395287841867]},{"time":"2024-01-01T00:20:00Z","position":[6866136.449337435,-2082747.8315122102,-15871.463634857048],"velocity":[2164.921747994372,7137.051804692634,-5.260367986644098]},{"time":"2024-01-01T00:21:00Z","position":[6982599.269471222,-1650749.178246782,-16156.026791060378],"velocity":[1715.8799127512443,7258.109524172231,-4.221885925154562]},{"time":"2024-01-01T00:22:00Z","position":[7071910.378068042,-1212331.616184399,-16377.76769301174],"velocity":[1260.1659907533242,7350.944196101114,-3.166987214241318]},{"time":"2024-01-01T00:23:00Z","position":[7133722.495340357,-769199.9251711481,-16535.824109467085],"velocity":[799.5520180083179,7415.194844956401,-2.0997737998925636]},{"time":"2024-01-01T00:24:00Z","position":[7167795.270879589,-323077.2150320982,-16629.581444680003],"velocity":[335.8290827582232,7450.6116436227485,-1.024395510534923]},{"time":"2024-01-01T00:25:00Z","position":[7173996.218115477,124301.77449859768,-16658.675127947605],"velocity":[-129.19963889752043,7457.056884614251,0.05496607892402729]},{"time":"2024-01-01T00:26:00Z","position":[7152301.229428571,571197.4190514043,-16622.992031123533],"velocity":[-593.7258943525958,7434.505515406858,1.1341139064180548]},{"time":"2024-01-01T00:27:00Z","position":[7102794.6697665565,1015871.9749232985,-16522.670908283613],"velocity":[-1055.9433866498362,7383.045235648889,2.208851744749423]},{"time":"2024-01-01T00:28:00Z","position":[7025669.04858602,1456596.334971346,-16358.1018561606],"velocity":[-1514.0547968456508,7302.876156065663,3.2750005152919264]},{"time":"2024-01-01T00:29:00Z","position":[6921224.271193365,1891656.7530034317,-16129.924797117425],"velocity":[-1966.2787736176042,7194.310020175926,4.328414540006595]},{"time":"2024-01-01T00:30:00Z","position":[6789866.472585056,2319361.507185818,-15839.02699088205],"velocity":[-2410.8568594728995,7057.768992043715,5.36499766055647]},{"time":"2024-01-01T00:31:00Z","position":[6632106.437972812,2738047.478816433,-15486.539583989137],"velocity":[-2846.060328974889,6893.784014417728,6.380719167277386]},{"time":"2024-01-01T00:32:00Z","position":[6448557.616627002,3146086.6188426977,-15073.833211413634],"velocity":[-3270.196910278108,6702.992744154145,7.3716294711417225]},{"time":"2024-01-01T00:33:00Z","position":[6239933.736667984,3541892.2780621625,-14602.512667327235],"velocity":[-3681.617364962389,6486.137072854464,8.333875460405135]},{"time":"2024-01-01T00:34:00Z","position":[6007046.029500144,3923925.377287661,-14074.410664368968],"velocity":[-4078.721901513623,6244.060241756858,9.263715484392614]},{"time":"2024-01-01T00:35:00Z","position":[5750800.075407104,4290700.391759504,-13491.580707340227],"velocity":[-4459.9663957208,5977.703562854345,10.157533901975665]},{"time":"2024-01-01T00:36:00Z","position":[5472192.282084786,4640791.127660587,-12856.289107924347],"velocity":[-4823.868394973321,5688.102758481427,11.011855140921186]},{"time":"2024-01-01T00:37:00Z","position":[5172306.010808511,4972836.26697754,-12171.006173772468],"velocity":[-5169.012881766099,5376.383934645099,11.823357210273434]},{"time":"2024-01-01T00:38:00Z","position":[4852307.362626097,5285544.662334647,-11438.39660011894],"velocity":[-5494.057777316219,5043.759200981101,12.588884621016982]},{"time":"2024-01-01T00:39:00Z","position":[4513440.644601294,5577700.3566423645,-10661.309109585232],"velocity":[-5797.7391591418755,4691.521958149148,13.305460653631656]},{"time":"2024-01-01T00:40:00Z","position":[4157023.532416564,5848167.310521021,-9842.76537747486],"velocity":[-6078.876174893814,4321.041869619292,13.970298930867708]},{"time":"2024-01-01T00:41:00Z","position":[3784441.9444064093,6095893.821564271,-8985.948277023474],"velocity":[-6336.375635876478,3933.7595335142173,14.580814256775998]},{"time":"2024-01-01T00:42:00Z","position":[3397144.6551436814,6319916.611796115,-8094.189509110405],"velocity":[-6569.236265681276,3531.1808837386207,15.134632663978024]},{"time":"2024-01-01T00:43:00Z","position":[2996637.6593793323,6519364.575068966,-7170.956641235235],"velocity":[-6776.552595355126,3114.8713316210888,15.629600648887797]},{"time":"2024-01-01T00:44:00Z","position":[2584478.318203453,6693462.1629961515,-6219.83962904364],"velocity":[-6957.518482854266,2686.449681192368,16.063793542155455]},{"time":"2024-01-01T00:45:00Z","position":[2162269.301681353,6841532.401489832,-5244.536853219333],"velocity":[-7111.43024854228,2247.581832914757,16.435522994701447]},{"time":"2024-01-01T00:46:00Z","position":[1731652.3581012848,6962999.522592192,-4248.840741213887],"velocity":[-7237.689410817105,1799.974307186746,16.743343541370464]},{"time":"2024-01-01T00:47:00Z","position":[1294301.9303878425,7057391.203410765,-3236.623021251031],"velocity":[-7335.805013355044,1345.3676089863013,16.986058221744344]},{"time":"2024-01-01T00:48:00Z","position":[851918.6433028965,7124340.403149721,-2211.8196631518545],"velocity":[-7405.395534608778,885.5294582050212,17.162723235565945]},{"time":"2024-01-01T00:49:00Z","position":[406222.69269484794,7163586.789844315,-1178.415578285049],"velocity":[-7446.19037083546,422.2479181656442,17.27265161145414]},{"time":"2024-01-01T00:50:00Z","position":[-41052.84438852337,7174977.752924209,-140.4291221819008],"velocity":[-7458.030888627686,-42.67555812109624,17.315415878920387]},{"time":"2024-01-01T00:51:00Z","position":[-488168.7480493096,7158468.996640189,898.103529133461],"velocity":[-7440.871041785623,-507.4331320773763,17.29084973065394]},{"time":"2024-01-01T00:52:00Z","position":[-933386.4202702938,7114124.71222667,1933.1440779],"velocity":[-7394.777550318307,-970.2176111068067,17.199048669185792]},{"time":"2024-01-01T00:53:00Z","position":[-1374974.6420278782,7042117.32852592,2960.66779955083],"velocity":[-7319.929641288309,-1429.2294722311717,17.040369636108373]},{"time":"2024-01-01T00:54:00Z","position":[-1811216.3079621952,6942726.841392645,3976.679199385912],"velocity":[-7216.61835183037,-1882.6838624069628,16.815429624105484]},{"time":"2024-01-01T00:55:00Z","position":[-2240415.102012532,6816339.725064542,4977.22754593722],"velocity":[-7085.245397653832,-2328.8175374873763,16.525103278240685]},{"time":"2024-01-01T00:56:00Z","position":[-2660902.0934818685,6663447.429491319,5958.422233223022],"velocity":[-6926.321611177907,-2765.8957184844357,16.170519495414162]},{"time":"2024-01-01T00:57:00Z","position":[-3071042.2273895745,6484644.469111713,6916.447911014263],"velocity":[-6740.464955004379,-3192.218837959912,15.753057034353358]},{"time":"2024-01-01T00:58:00Z","position":[-3469240.6809684606,6280626.111696386,7847.579317496934],"velocity":[-6528.398119684064,-3606.1291472915323,15.274339155966171]},{"time":"2024-01-01T00:59:00Z","position":[-3853949.0666134106,6052185.674222578,8748.195768400417],"velocity":[-6290.945713016209,-4006.017164345415,14.736227310179505]},{"time":"2024-01-01T01:00:00Z","position":[-4223671.451608622,5800211.438665952,9614.795233254285],"velocity":[-6029.031054272887,-4390.327930711329,14.140813899353176]}]}]}'], 'workflow_id': 0}
2024-10-29 16:25:47,429 - DEBUG - Function InstrumentPerformance execution completed.
2024-10-29 16:25:47,430 - DEBUG - Published result to topic evaluators/InstruPy/results/InstrumentPerformance: {'evaluator': 'InstruPy', 'workflow_id': 'c9c15171-1dd1-48aa-9bb1-42355e2141ba', 'function': 'InstrumentPerformance', 'results': {'SNR': 0.0, 'dynamic_range': 2002.3441379310354, 'along_track_resolution': 34.64862068965517, 'cross_track_resolution': 35.223620689655164, 'noise_equivalent_delta_T': 0.14720982758620701}}
2024-10-29 16:25:47,431 - DEBUG - Published result to topic TSE: {'evaluator': 'InstruPy', 'workflow_id': 'c9c15171-1dd1-48aa-9bb1-42355e2141ba', 'function': 'InstrumentPerformance', 'results': {'SNR': 0.0, 'dynamic_range': 2002.3441379310354, 'along_track_resolution': 34.64862068965517, 'cross_track_resolution': 35.223620689655164, 'noise_equivalent_delta_T': 0.14720982758620701}}
2024-10-29 17:59:56,397 - DEBUG - Message received on topic evaluators/InstruPy/InstrumentPerformance: {"workflow_id":"e6ea4a32-de6c-4747-b10c-ef2141f67d85","result_topic":"TSE","metric":"InstrumentScore","function":"InstrumentPerformance","architecture":{"@type":"Architecture","spaceSegment":[{"satellites":[{"techReadinessLevel":9,"acronym":"MicroMAS-2","@type":"Satellite","commBand":["X"],"mass":4,"stabilizationType":"AXIS_3","volume":0.003,"isGroundCommand":true,"payload":[{"scanTechnique":"PUSHBROOM","techReadinessLevel":9,"@type":"Passive Optical Scanner","mass":1,"numberOfDetectorsColsCrossTrack":[4096,6144,8192],"numberOfDetectorsRowsAlongTrack":1,"dataRate":384,"quantumEff":0.9,"mountType":"BODY","opticsSysEff":0.8,"detectorWidth":[0.00002,0.000036,0.00005],"power":1,"Fnum":6.4,"orientation":{"convention":"SIDE_LOOK","sideLookAngle":0,"@type":"Orientation"},"numOfReadOutE":20,"bandwidth":6.5E-8,"acronym":"Landsat 10 Blue Band","bitsPerPixel":12,"snrThreshold":25,"volume":0.0001,"apertureDia":[0.1,0.132,0.15],"maxDetectorExposureTime":0.0036,"operatingWavelength":4.85E-7,"fieldOfView":{"sensorGeometry":"RECTANGULAR","@type":"FieldOfView","fullConeAngle":30,"crossTrackFieldOfView":114,"alongTrackFieldOfView":40},"name":"Landsat 10 Blue Band","targetBlackBodyTemp":290,"focalLength":[0.7,0.8451,1]}],"propellantType":"MONO_PROP","name":"MicroMAS-2","dryMass":2.5,"@id":"sat-0","power":9.1,"orbit":{"inclination":20,"periapsisArgument":0,"@type":"Orbit","semimajorAxis":6978.14,"orbitType":"KEPLERIAN","eccentricity":0,"rightAscensionAscendingNode":0,"trueAnomaly":0,"epoch":"2019-08-01T00:00:00Z"},"isSpare":false},{"techReadinessLevel":9,"acronym":"MicroMAS-2","@type":"Satellite","commBand":["X"],"mass":4,"stabilizationType":"AXIS_3","volume":0.003,"isGroundCommand":true,"payload":[{"scanTechnique":"PUSHBROOM","techReadinessLevel":9,"@type":"Passive Optical Scanner","mass":1,"numberOfDetectorsColsCrossTrack":[4096,6144,8192],"numberOfDetectorsRowsAlongTrack":1,"dataRate":384,"quantumEff":0.9,"mountType":"BODY","opticsSysEff":0.8,"detectorWidth":[0.00002,0.000036,0.00005],"power":1,"Fnum":6.4,"orientation":{"convention":"SIDE_LOOK","sideLookAngle":0,"@type":"Orientation"},"numOfReadOutE":20,"bandwidth":6.5E-8,"acronym":"Landsat 10 Blue Band","bitsPerPixel":12,"snrThreshold":25,"volume":0.0001,"apertureDia":[0.1,0.132,0.15],"maxDetectorExposureTime":0.0036,"operatingWavelength":4.85E-7,"fieldOfView":{"sensorGeometry":"RECTANGULAR","@type":"FieldOfView","fullConeAngle":30,"crossTrackFieldOfView":114,"alongTrackFieldOfView":40},"name":"Landsat 10 Blue Band","targetBlackBodyTemp":290,"focalLength":[0.7,0.8451,1]}],"propellantType":"MONO_PROP","name":"MicroMAS-2","dryMass":2.5,"@id":"sat-1","power":9.1,"orbit":{"inclination":20,"periapsisArgument":0,"@type":"Orbit","semimajorAxis":6978.14,"orbitType":"KEPLERIAN","eccentricity":0,"rightAscensionAscendingNode":0,"trueAnomaly":72,"epoch":"2019-08-01T00:00:00Z"},"isSpare":false},{"techReadinessLevel":9,"acronym":"MicroMAS-2","@type":"Satellite","commBand":["X"],"mass":4,"stabilizationType":"AXIS_3","volume":0.003,"isGroundCommand":true,"payload":[{"scanTechnique":"PUSHBROOM","techReadinessLevel":9,"@type":"Passive Optical Scanner","mass":1,"numberOfDetectorsColsCrossTrack":[4096,6144,8192],"numberOfDetectorsRowsAlongTrack":1,"dataRate":384,"quantumEff":0.9,"mountType":"BODY","opticsSysEff":0.8,"detectorWidth":[0.00002,0.000036,0.00005],"power":1,"Fnum":6.4,"orientation":{"convention":"SIDE_LOOK","sideLookAngle":0,"@type":"Orientation"},"numOfReadOutE":20,"bandwidth":6.5E-8,"acronym":"Landsat 10 Blue Band","bitsPerPixel":12,"snrThreshold":25,"volume":0.0001,"apertureDia":[0.1,0.132,0.15],"maxDetectorExposureTime":0.0036,"operatingWavelength":4.85E-7,"fieldOfView":{"sensorGeometry":"RECTANGULAR","@type":"FieldOfView","fullConeAngle":30,"crossTrackFieldOfView":114,"alongTrackFieldOfView":40},"name":"Landsat 10 Blue Band","targetBlackBodyTemp":290,"focalLength":[0.7,0.8451,1]}],"propellantType":"MONO_PROP","name":"MicroMAS-2","dryMass":2.5,"@id":"sat-2","power":9.1,"orbit":{"inclination":20,"periapsisArgument":0,"@type":"Orbit","semimajorAxis":6978.14,"orbitType":"KEPLERIAN","eccentricity":0,"rightAscensionAscendingNode":0,"trueAnomaly":144,"epoch":"2019-08-01T00:00:00Z"},"isSpare":false},{"techReadinessLevel":9,"acronym":"MicroMAS-2","@type":"Satellite","commBand":["X"],"mass":4,"stabilizationType":"AXIS_3","volume":0.003,"isGroundCommand":true,"payload":[{"scanTechnique":"PUSHBROOM","techReadinessLevel":9,"@type":"Passive Optical Scanner","mass":1,"numberOfDetectorsColsCrossTrack":[4096,6144,8192],"numberOfDetectorsRowsAlongTrack":1,"dataRate":384,"quantumEff":0.9,"mountType":"BODY","opticsSysEff":0.8,"detectorWidth":[0.00002,0.000036,0.00005],"power":1,"Fnum":6.4,"orientation":{"convention":"SIDE_LOOK","sideLookAngle":0,"@type":"Orientation"},"numOfReadOutE":20,"bandwidth":6.5E-8,"acronym":"Landsat 10 Blue Band","bitsPerPixel":12,"snrThreshold":25,"volume":0.0001,"apertureDia":[0.1,0.132,0.15],"maxDetectorExposureTime":0.0036,"operatingWavelength":4.85E-7,"fieldOfView":{"sensorGeometry":"RECTANGULAR","@type":"FieldOfView","fullConeAngle":30,"crossTrackFieldOfView":114,"alongTrackFieldOfView":40},"name":"Landsat 10 Blue Band","targetBlackBodyTemp":290,"focalLength":[0.7,0.8451,1]}],"propellantType":"MONO_PROP","name":"MicroMAS-2","dryMass":2.5,"@id":"sat-3","power":9.1,"orbit":{"inclination":20,"periapsisArgument":0,"@type":"Orbit","semimajorAxis":6978.14,"orbitType":"KEPLERIAN","eccentricity":0,"rightAscensionAscendingNode":0,"trueAnomaly":216,"epoch":"2019-08-01T00:00:00Z"},"isSpare":false},{"techReadinessLevel":9,"acronym":"MicroMAS-2","@type":"Satellite","commBand":["X"],"mass":4,"stabilizationType":"AXIS_3","volume":0.003,"isGroundCommand":true,"payload":[{"scanTechnique":"PUSHBROOM","techReadinessLevel":9,"@type":"Passive Optical Scanner","mass":1,"numberOfDetectorsColsCrossTrack":[4096,6144,8192],"numberOfDetectorsRowsAlongTrack":1,"dataRate":384,"quantumEff":0.9,"mountType":"BODY","opticsSysEff":0.8,"detectorWidth":[0.00002,0.000036,0.00005],"power":1,"Fnum":6.4,"orientation":{"convention":"SIDE_LOOK","sideLookAngle":0,"@type":"Orientation"},"numOfReadOutE":20,"bandwidth":6.5E-8,"acronym":"Landsat 10 Blue Band","bitsPerPixel":12,"snrThreshold":25,"volume":0.0001,"apertureDia":[0.1,0.132,0.15],"maxDetectorExposureTime":0.0036,"operatingWavelength":4.85E-7,"fieldOfView":{"sensorGeometry":"RECTANGULAR","@type":"FieldOfView","fullConeAngle":30,"crossTrackFieldOfView":114,"alongTrackFieldOfView":40},"name":"Landsat 10 Blue Band","targetBlackBodyTemp":290,"focalLength":[0.7,0.8451,1]}],"propellantType":"MONO_PROP","name":"MicroMAS-2","dryMass":2.5,"@id":"sat-4","power":9.1,"orbit":{"inclination":20,"periapsisArgument":0,"@type":"Orbit","semimajorAxis":6978.14,"orbitType":"KEPLERIAN","eccentricity":0,"rightAscensionAscendingNode":0,"trueAnomaly":288,"epoch":"2019-08-01T00:00:00Z"},"isSpare":false}],"numberPlanes":1,"numberSatellites":5,"@type":"Constellation","constellationType":"DELTA_HOMOGENEOUS","@id":"con-0","relativeSpacing":0}],"@id":"arch-0","groundSegment":[{"acronym":"TROPICS GN","@type":"GroundNetwork","name":"TROPICS ground network","numberStations":1,"groundStations":[{"elevation":1570,"agency":{"@type":"Agency","agencyType":"GOVERNMENT"},"acronym":"Wallops","@type":"GroundStation","commBand":["UHF"],"latitude":37.940194,"name":"Wallops","@id":"gs-0","longitude":-75.466389}]}]},"dependencies":{"InstrumentPerformance":{"level":3,"dependencies":{"AccessResponse":"http://localhost:5000/tatc/AccessResponse","OrbitPropagation":"http://localhost:5000/tatc/OrbitPropagation"}}}}
2024-10-29 17:59:56,398 - DEBUG - Processing request for workflow ID: e6ea4a32-de6c-4747-b10c-ef2141f67d85
2024-10-29 17:59:56,398 - DEBUG - Function to execute: InstrumentPerformance
2024-10-29 17:59:56,398 - DEBUG - Executing function: InstrumentPerformance
2024-10-29 17:59:56,398 - DEBUG - Requesting dependency AccessResponse from http://localhost:5000/tatc/AccessResponse
2024-10-29 18:06:53,147 - ERROR - Error requesting dependency AccessResponse: ('Connection aborted.', RemoteDisconnected('Remote end closed connection without response'))
2024-10-29 18:06:53,147 - ERROR - Exception details:
Traceback (most recent call last):
  File "/root/anaconda3/envs/foo/lib/python3.8/site-packages/urllib3/connectionpool.py", line 789, in urlopen
    response = self._make_request(
  File "/root/anaconda3/envs/foo/lib/python3.8/site-packages/urllib3/connectionpool.py", line 536, in _make_request
    response = conn.getresponse()
  File "/root/anaconda3/envs/foo/lib/python3.8/site-packages/urllib3/connection.py", line 507, in getresponse
    httplib_response = super().getresponse()
  File "/root/anaconda3/envs/foo/lib/python3.8/http/client.py", line 1348, in getresponse
    response.begin()
  File "/root/anaconda3/envs/foo/lib/python3.8/http/client.py", line 316, in begin
    version, status, reason = self._read_status()
  File "/root/anaconda3/envs/foo/lib/python3.8/http/client.py", line 285, in _read_status
    raise RemoteDisconnected("Remote end closed connection without"
http.client.RemoteDisconnected: Remote end closed connection without response

During handling of the above exception, another exception occurred:

Traceback (most recent call last):
  File "/root/anaconda3/envs/foo/lib/python3.8/site-packages/requests/adapters.py", line 667, in send
    resp = conn.urlopen(
  File "/root/anaconda3/envs/foo/lib/python3.8/site-packages/urllib3/connectionpool.py", line 843, in urlopen
    retries = retries.increment(
  File "/root/anaconda3/envs/foo/lib/python3.8/site-packages/urllib3/util/retry.py", line 474, in increment
    raise reraise(type(error), error, _stacktrace)
  File "/root/anaconda3/envs/foo/lib/python3.8/site-packages/urllib3/util/util.py", line 38, in reraise
    raise value.with_traceback(tb)
  File "/root/anaconda3/envs/foo/lib/python3.8/site-packages/urllib3/connectionpool.py", line 789, in urlopen
    response = self._make_request(
  File "/root/anaconda3/envs/foo/lib/python3.8/site-packages/urllib3/connectionpool.py", line 536, in _make_request
    response = conn.getresponse()
  File "/root/anaconda3/envs/foo/lib/python3.8/site-packages/urllib3/connection.py", line 507, in getresponse
    httplib_response = super().getresponse()
  File "/root/anaconda3/envs/foo/lib/python3.8/http/client.py", line 1348, in getresponse
    response.begin()
  File "/root/anaconda3/envs/foo/lib/python3.8/http/client.py", line 316, in begin
    version, status, reason = self._read_status()
  File "/root/anaconda3/envs/foo/lib/python3.8/http/client.py", line 285, in _read_status
    raise RemoteDisconnected("Remote end closed connection without"
urllib3.exceptions.ProtocolError: ('Connection aborted.', RemoteDisconnected('Remote end closed connection without response'))

During handling of the above exception, another exception occurred:

Traceback (most recent call last):
  File "http_manager.py", line 193, in execute_function
    response = requests.post(dependency_url, json=request_payload)
  File "/root/anaconda3/envs/foo/lib/python3.8/site-packages/requests/api.py", line 115, in post
    return request("post", url, data=data, json=json, **kwargs)
  File "/root/anaconda3/envs/foo/lib/python3.8/site-packages/requests/api.py", line 59, in request
    return session.request(method=method, url=url, **kwargs)
  File "/root/anaconda3/envs/foo/lib/python3.8/site-packages/requests/sessions.py", line 589, in request
    resp = self.send(prep, **send_kwargs)
  File "/root/anaconda3/envs/foo/lib/python3.8/site-packages/requests/sessions.py", line 703, in send
    r = adapter.send(request, **kwargs)
  File "/root/anaconda3/envs/foo/lib/python3.8/site-packages/requests/adapters.py", line 682, in send
    raise ConnectionError(err, request=request)
requests.exceptions.ConnectionError: ('Connection aborted.', RemoteDisconnected('Remote end closed connection without response'))
2024-10-29 18:06:53,157 - ERROR - Error processing request: ('Connection aborted.', RemoteDisconnected('Remote end closed connection without response'))
2024-10-29 18:06:53,157 - ERROR - Exception details:
Traceback (most recent call last):
  File "/root/anaconda3/envs/foo/lib/python3.8/site-packages/urllib3/connectionpool.py", line 789, in urlopen
    response = self._make_request(
  File "/root/anaconda3/envs/foo/lib/python3.8/site-packages/urllib3/connectionpool.py", line 536, in _make_request
    response = conn.getresponse()
  File "/root/anaconda3/envs/foo/lib/python3.8/site-packages/urllib3/connection.py", line 507, in getresponse
    httplib_response = super().getresponse()
  File "/root/anaconda3/envs/foo/lib/python3.8/http/client.py", line 1348, in getresponse
    response.begin()
  File "/root/anaconda3/envs/foo/lib/python3.8/http/client.py", line 316, in begin
    version, status, reason = self._read_status()
  File "/root/anaconda3/envs/foo/lib/python3.8/http/client.py", line 285, in _read_status
    raise RemoteDisconnected("Remote end closed connection without"
http.client.RemoteDisconnected: Remote end closed connection without response

During handling of the above exception, another exception occurred:

Traceback (most recent call last):
  File "/root/anaconda3/envs/foo/lib/python3.8/site-packages/requests/adapters.py", line 667, in send
    resp = conn.urlopen(
  File "/root/anaconda3/envs/foo/lib/python3.8/site-packages/urllib3/connectionpool.py", line 843, in urlopen
    retries = retries.increment(
  File "/root/anaconda3/envs/foo/lib/python3.8/site-packages/urllib3/util/retry.py", line 474, in increment
    raise reraise(type(error), error, _stacktrace)
  File "/root/anaconda3/envs/foo/lib/python3.8/site-packages/urllib3/util/util.py", line 38, in reraise
    raise value.with_traceback(tb)
  File "/root/anaconda3/envs/foo/lib/python3.8/site-packages/urllib3/connectionpool.py", line 789, in urlopen
    response = self._make_request(
  File "/root/anaconda3/envs/foo/lib/python3.8/site-packages/urllib3/connectionpool.py", line 536, in _make_request
    response = conn.getresponse()
  File "/root/anaconda3/envs/foo/lib/python3.8/site-packages/urllib3/connection.py", line 507, in getresponse
    httplib_response = super().getresponse()
  File "/root/anaconda3/envs/foo/lib/python3.8/http/client.py", line 1348, in getresponse
    response.begin()
  File "/root/anaconda3/envs/foo/lib/python3.8/http/client.py", line 316, in begin
    version, status, reason = self._read_status()
  File "/root/anaconda3/envs/foo/lib/python3.8/http/client.py", line 285, in _read_status
    raise RemoteDisconnected("Remote end closed connection without"
urllib3.exceptions.ProtocolError: ('Connection aborted.', RemoteDisconnected('Remote end closed connection without response'))

During handling of the above exception, another exception occurred:

Traceback (most recent call last):
  File "http_manager.py", line 136, in process_request
    result_data = self.execute_function(function_name, dependencies, architecture)
  File "http_manager.py", line 193, in execute_function
    response = requests.post(dependency_url, json=request_payload)
  File "/root/anaconda3/envs/foo/lib/python3.8/site-packages/requests/api.py", line 115, in post
    return request("post", url, data=data, json=json, **kwargs)
  File "/root/anaconda3/envs/foo/lib/python3.8/site-packages/requests/api.py", line 59, in request
    return session.request(method=method, url=url, **kwargs)
  File "/root/anaconda3/envs/foo/lib/python3.8/site-packages/requests/sessions.py", line 589, in request
    resp = self.send(prep, **send_kwargs)
  File "/root/anaconda3/envs/foo/lib/python3.8/site-packages/requests/sessions.py", line 703, in send
    r = adapter.send(request, **kwargs)
  File "/root/anaconda3/envs/foo/lib/python3.8/site-packages/requests/adapters.py", line 682, in send
    raise ConnectionError(err, request=request)
requests.exceptions.ConnectionError: ('Connection aborted.', RemoteDisconnected('Remote end closed connection without response'))
2024-10-29 18:07:24,866 - DEBUG - Message received on topic evaluators/InstruPy/InstrumentPerformance: {"workflow_id":"c8393951-860f-4ee5-9e0f-0b4569bccdd2","result_topic":"TSE","metric":"InstrumentScore","function":"InstrumentPerformance","architecture":{"@type":"Architecture","spaceSegment":[{"satellites":[{"techReadinessLevel":9,"acronym":"MicroMAS-2","@type":"Satellite","commBand":["X"],"mass":4,"stabilizationType":"AXIS_3","volume":0.003,"isGroundCommand":true,"payload":[{"scanTechnique":"PUSHBROOM","techReadinessLevel":9,"@type":"Passive Optical Scanner","mass":28,"numberOfDetectorsColsCrossTrack":4096,"numberOfDetectorsRowsAlongTrack":1,"dataRate":384,"quantumEff":0.9,"mountType":"BODY","opticsSysEff":0.8,"detectorWidth":[0.00002,0.000036,0.00005],"id":"FireSat-Sensor","power":32,"Fnum":6.4,"orientation":{"convention":"SIDE_LOOK","sideLookAngle":0,"@type":"Orientation"},"numOfReadOutE":20,"bandwidth":6.5E-8,"acronym":"Landsat 10 Blue Band","bitsPerPixel":12,"snrThreshold":25,"volume":0.12,"apertureDia":0.132,"maxDetectorExposureTime":0.0036,"operatingWavelength":4.85E-7,"fieldOfView":{"sensorGeometry":"RECTANGULAR","@type":"FieldOfView","fullConeAngle":30,"crossTrackFieldOfView":114,"alongTrackFieldOfView":40,"angle_height_fov":0.628,"angle_width_fov":115.8},"name":"Landsat 10 Blue Band","targetBlackBodyTemp":290,"focalLength":0.8451}],"propellantType":"MONO_PROP","name":"MicroMAS-2","dryMass":2.5,"@id":"sat-0","power":9.1,"orbit":{"inclination":0,"periapsisArgument":0,"@type":"Orbit","semimajorAxis":7178.14,"orbitType":"KEPLERIAN","eccentricity":0,"rightAscensionAscendingNode":0,"trueAnomaly":0,"epoch":"2019-08-01T00:00:00Z"},"isSpare":false}],"numberPlanes":1,"numberSatellites":1,"@type":"Constellation","constellationType":"DELTA_HOMOGENEOUS","@id":"con-0","relativeSpacing":0}],"@id":"arch-0","groundSegment":[{"acronym":"TROPICS GN","@type":"GroundNetwork","name":"TROPICS ground network","numberStations":1,"groundStations":[{"elevation":1570,"agency":{"@type":"Agency","agencyType":"GOVERNMENT"},"acronym":"Wallops","@type":"GroundStation","commBand":["UHF"],"latitude":37.940194,"name":"Wallops","@id":"gs-0","longitude":-75.466389}]}]},"dependencies":{"InstrumentPerformance":{"level":3,"dependencies":{"AccessResponse":"http://localhost:5000/tatc/AccessResponse","OrbitPropagation":"http://localhost:5000/tatc/OrbitPropagation"}}}}
2024-10-29 18:07:24,867 - DEBUG - Processing request for workflow ID: c8393951-860f-4ee5-9e0f-0b4569bccdd2
2024-10-29 18:07:24,867 - DEBUG - Function to execute: InstrumentPerformance
2024-10-29 18:07:24,867 - DEBUG - Executing function: InstrumentPerformance
2024-10-29 18:07:24,867 - DEBUG - Requesting dependency AccessResponse from http://localhost:5000/tatc/AccessResponse
2024-10-29 18:20:51,125 - ERROR - Error requesting dependency AccessResponse: ('Connection aborted.', RemoteDisconnected('Remote end closed connection without response'))
2024-10-29 18:20:51,126 - ERROR - Exception details:
Traceback (most recent call last):
  File "/root/anaconda3/envs/foo/lib/python3.8/site-packages/urllib3/connectionpool.py", line 789, in urlopen
    response = self._make_request(
  File "/root/anaconda3/envs/foo/lib/python3.8/site-packages/urllib3/connectionpool.py", line 536, in _make_request
    response = conn.getresponse()
  File "/root/anaconda3/envs/foo/lib/python3.8/site-packages/urllib3/connection.py", line 507, in getresponse
    httplib_response = super().getresponse()
  File "/root/anaconda3/envs/foo/lib/python3.8/http/client.py", line 1348, in getresponse
    response.begin()
  File "/root/anaconda3/envs/foo/lib/python3.8/http/client.py", line 316, in begin
    version, status, reason = self._read_status()
  File "/root/anaconda3/envs/foo/lib/python3.8/http/client.py", line 285, in _read_status
    raise RemoteDisconnected("Remote end closed connection without"
http.client.RemoteDisconnected: Remote end closed connection without response

During handling of the above exception, another exception occurred:

Traceback (most recent call last):
  File "/root/anaconda3/envs/foo/lib/python3.8/site-packages/requests/adapters.py", line 667, in send
    resp = conn.urlopen(
  File "/root/anaconda3/envs/foo/lib/python3.8/site-packages/urllib3/connectionpool.py", line 843, in urlopen
    retries = retries.increment(
  File "/root/anaconda3/envs/foo/lib/python3.8/site-packages/urllib3/util/retry.py", line 474, in increment
    raise reraise(type(error), error, _stacktrace)
  File "/root/anaconda3/envs/foo/lib/python3.8/site-packages/urllib3/util/util.py", line 38, in reraise
    raise value.with_traceback(tb)
  File "/root/anaconda3/envs/foo/lib/python3.8/site-packages/urllib3/connectionpool.py", line 789, in urlopen
    response = self._make_request(
  File "/root/anaconda3/envs/foo/lib/python3.8/site-packages/urllib3/connectionpool.py", line 536, in _make_request
    response = conn.getresponse()
  File "/root/anaconda3/envs/foo/lib/python3.8/site-packages/urllib3/connection.py", line 507, in getresponse
    httplib_response = super().getresponse()
  File "/root/anaconda3/envs/foo/lib/python3.8/http/client.py", line 1348, in getresponse
    response.begin()
  File "/root/anaconda3/envs/foo/lib/python3.8/http/client.py", line 316, in begin
    version, status, reason = self._read_status()
  File "/root/anaconda3/envs/foo/lib/python3.8/http/client.py", line 285, in _read_status
    raise RemoteDisconnected("Remote end closed connection without"
urllib3.exceptions.ProtocolError: ('Connection aborted.', RemoteDisconnected('Remote end closed connection without response'))

During handling of the above exception, another exception occurred:

Traceback (most recent call last):
  File "http_manager.py", line 193, in execute_function
    response = requests.post(dependency_url, json=request_payload)
  File "/root/anaconda3/envs/foo/lib/python3.8/site-packages/requests/api.py", line 115, in post
    return request("post", url, data=data, json=json, **kwargs)
  File "/root/anaconda3/envs/foo/lib/python3.8/site-packages/requests/api.py", line 59, in request
    return session.request(method=method, url=url, **kwargs)
  File "/root/anaconda3/envs/foo/lib/python3.8/site-packages/requests/sessions.py", line 589, in request
    resp = self.send(prep, **send_kwargs)
  File "/root/anaconda3/envs/foo/lib/python3.8/site-packages/requests/sessions.py", line 703, in send
    r = adapter.send(request, **kwargs)
  File "/root/anaconda3/envs/foo/lib/python3.8/site-packages/requests/adapters.py", line 682, in send
    raise ConnectionError(err, request=request)
requests.exceptions.ConnectionError: ('Connection aborted.', RemoteDisconnected('Remote end closed connection without response'))
2024-10-29 18:20:51,127 - ERROR - Error processing request: ('Connection aborted.', RemoteDisconnected('Remote end closed connection without response'))
2024-10-29 18:20:51,127 - ERROR - Exception details:
Traceback (most recent call last):
  File "/root/anaconda3/envs/foo/lib/python3.8/site-packages/urllib3/connectionpool.py", line 789, in urlopen
    response = self._make_request(
  File "/root/anaconda3/envs/foo/lib/python3.8/site-packages/urllib3/connectionpool.py", line 536, in _make_request
    response = conn.getresponse()
  File "/root/anaconda3/envs/foo/lib/python3.8/site-packages/urllib3/connection.py", line 507, in getresponse
    httplib_response = super().getresponse()
  File "/root/anaconda3/envs/foo/lib/python3.8/http/client.py", line 1348, in getresponse
    response.begin()
  File "/root/anaconda3/envs/foo/lib/python3.8/http/client.py", line 316, in begin
    version, status, reason = self._read_status()
  File "/root/anaconda3/envs/foo/lib/python3.8/http/client.py", line 285, in _read_status
    raise RemoteDisconnected("Remote end closed connection without"
http.client.RemoteDisconnected: Remote end closed connection without response

During handling of the above exception, another exception occurred:

Traceback (most recent call last):
  File "/root/anaconda3/envs/foo/lib/python3.8/site-packages/requests/adapters.py", line 667, in send
    resp = conn.urlopen(
  File "/root/anaconda3/envs/foo/lib/python3.8/site-packages/urllib3/connectionpool.py", line 843, in urlopen
    retries = retries.increment(
  File "/root/anaconda3/envs/foo/lib/python3.8/site-packages/urllib3/util/retry.py", line 474, in increment
    raise reraise(type(error), error, _stacktrace)
  File "/root/anaconda3/envs/foo/lib/python3.8/site-packages/urllib3/util/util.py", line 38, in reraise
    raise value.with_traceback(tb)
  File "/root/anaconda3/envs/foo/lib/python3.8/site-packages/urllib3/connectionpool.py", line 789, in urlopen
    response = self._make_request(
  File "/root/anaconda3/envs/foo/lib/python3.8/site-packages/urllib3/connectionpool.py", line 536, in _make_request
    response = conn.getresponse()
  File "/root/anaconda3/envs/foo/lib/python3.8/site-packages/urllib3/connection.py", line 507, in getresponse
    httplib_response = super().getresponse()
  File "/root/anaconda3/envs/foo/lib/python3.8/http/client.py", line 1348, in getresponse
    response.begin()
  File "/root/anaconda3/envs/foo/lib/python3.8/http/client.py", line 316, in begin
    version, status, reason = self._read_status()
  File "/root/anaconda3/envs/foo/lib/python3.8/http/client.py", line 285, in _read_status
    raise RemoteDisconnected("Remote end closed connection without"
urllib3.exceptions.ProtocolError: ('Connection aborted.', RemoteDisconnected('Remote end closed connection without response'))

During handling of the above exception, another exception occurred:

Traceback (most recent call last):
  File "http_manager.py", line 136, in process_request
    result_data = self.execute_function(function_name, dependencies, architecture)
  File "http_manager.py", line 193, in execute_function
    response = requests.post(dependency_url, json=request_payload)
  File "/root/anaconda3/envs/foo/lib/python3.8/site-packages/requests/api.py", line 115, in post
    return request("post", url, data=data, json=json, **kwargs)
  File "/root/anaconda3/envs/foo/lib/python3.8/site-packages/requests/api.py", line 59, in request
    return session.request(method=method, url=url, **kwargs)
  File "/root/anaconda3/envs/foo/lib/python3.8/site-packages/requests/sessions.py", line 589, in request
    resp = self.send(prep, **send_kwargs)
  File "/root/anaconda3/envs/foo/lib/python3.8/site-packages/requests/sessions.py", line 703, in send
    r = adapter.send(request, **kwargs)
  File "/root/anaconda3/envs/foo/lib/python3.8/site-packages/requests/adapters.py", line 682, in send
    raise ConnectionError(err, request=request)
requests.exceptions.ConnectionError: ('Connection aborted.', RemoteDisconnected('Remote end closed connection without response'))
2024-10-29 18:21:14,964 - DEBUG - Message received on topic evaluators/InstruPy/InstrumentPerformance: {"workflow_id":"9649b135-c476-4c32-b3e0-1dcc7fd64226","result_topic":"TSE","metric":"InstrumentScore","function":"InstrumentPerformance","architecture":{"@type":"Architecture","spaceSegment":[{"satellites":[{"techReadinessLevel":9,"acronym":"MicroMAS-2","@type":"Satellite","commBand":["X"],"mass":4,"stabilizationType":"AXIS_3","volume":0.003,"isGroundCommand":true,"payload":[{"scanTechnique":"PUSHBROOM","techReadinessLevel":9,"@type":"Passive Optical Scanner","mass":28,"numberOfDetectorsColsCrossTrack":4096,"numberOfDetectorsRowsAlongTrack":1,"dataRate":384,"quantumEff":0.9,"mountType":"BODY","opticsSysEff":0.8,"detectorWidth":[0.00002,0.000036,0.00005],"id":"FireSat-Sensor","power":32,"Fnum":6.4,"orientation":{"convention":"SIDE_LOOK","sideLookAngle":0,"@type":"Orientation"},"numOfReadOutE":20,"bandwidth":6.5E-8,"acronym":"Landsat 10 Blue Band","bitsPerPixel":12,"snrThreshold":25,"volume":0.12,"apertureDia":0.132,"maxDetectorExposureTime":0.0036,"operatingWavelength":4.85E-7,"fieldOfView":{"sensorGeometry":"RECTANGULAR","@type":"FieldOfView","fullConeAngle":30,"crossTrackFieldOfView":114,"alongTrackFieldOfView":40,"angle_height_fov":0.628,"angle_width_fov":115.8},"name":"Landsat 10 Blue Band","targetBlackBodyTemp":290,"focalLength":0.8451}],"propellantType":"MONO_PROP","name":"MicroMAS-2","dryMass":2.5,"@id":"sat-0","power":9.1,"orbit":{"inclination":10,"periapsisArgument":0,"@type":"Orbit","semimajorAxis":6978.14,"orbitType":"KEPLERIAN","eccentricity":0,"rightAscensionAscendingNode":0,"trueAnomaly":0,"epoch":"2019-08-01T00:00:00Z"},"isSpare":false},{"techReadinessLevel":9,"acronym":"MicroMAS-2","@type":"Satellite","commBand":["X"],"mass":4,"stabilizationType":"AXIS_3","volume":0.003,"isGroundCommand":true,"payload":[{"scanTechnique":"PUSHBROOM","techReadinessLevel":9,"@type":"Passive Optical Scanner","mass":28,"numberOfDetectorsColsCrossTrack":4096,"numberOfDetectorsRowsAlongTrack":1,"dataRate":384,"quantumEff":0.9,"mountType":"BODY","opticsSysEff":0.8,"detectorWidth":[0.00002,0.000036,0.00005],"id":"FireSat-Sensor","power":32,"Fnum":6.4,"orientation":{"convention":"SIDE_LOOK","sideLookAngle":0,"@type":"Orientation"},"numOfReadOutE":20,"bandwidth":6.5E-8,"acronym":"Landsat 10 Blue Band","bitsPerPixel":12,"snrThreshold":25,"volume":0.12,"apertureDia":0.132,"maxDetectorExposureTime":0.0036,"operatingWavelength":4.85E-7,"fieldOfView":{"sensorGeometry":"RECTANGULAR","@type":"FieldOfView","fullConeAngle":30,"crossTrackFieldOfView":114,"alongTrackFieldOfView":40,"angle_height_fov":0.628,"angle_width_fov":115.8},"name":"Landsat 10 Blue Band","targetBlackBodyTemp":290,"focalLength":0.8451}],"propellantType":"MONO_PROP","name":"MicroMAS-2","dryMass":2.5,"@id":"sat-1","power":9.1,"orbit":{"inclination":10,"periapsisArgument":0,"@type":"Orbit","semimajorAxis":6978.14,"orbitType":"KEPLERIAN","eccentricity":0,"rightAscensionAscendingNode":0,"trueAnomaly":180,"epoch":"2019-08-01T00:00:00Z"},"isSpare":false}],"numberPlanes":1,"numberSatellites":2,"@type":"Constellation","constellationType":"DELTA_HOMOGENEOUS","@id":"con-0","relativeSpacing":0}],"@id":"arch-0","groundSegment":[{"acronym":"TROPICS GN","@type":"GroundNetwork","name":"TROPICS ground network","numberStations":1,"groundStations":[{"elevation":1570,"agency":{"@type":"Agency","agencyType":"GOVERNMENT"},"acronym":"Wallops","@type":"GroundStation","commBand":["UHF"],"latitude":37.940194,"name":"Wallops","@id":"gs-0","longitude":-75.466389}]}]},"dependencies":{"InstrumentPerformance":{"level":3,"dependencies":{"AccessResponse":"http://localhost:5000/tatc/AccessResponse","OrbitPropagation":"http://localhost:5000/tatc/OrbitPropagation"}}}}
2024-10-29 18:21:14,965 - DEBUG - Processing request for workflow ID: 9649b135-c476-4c32-b3e0-1dcc7fd64226
2024-10-29 18:21:14,965 - DEBUG - Function to execute: InstrumentPerformance
2024-10-29 18:21:14,965 - DEBUG - Executing function: InstrumentPerformance
2024-10-29 18:21:14,965 - DEBUG - Requesting dependency AccessResponse from http://localhost:5000/tatc/AccessResponse
2024-10-29 18:21:35,144 - ERROR - Error requesting dependency AccessResponse: 500 Server Error: INTERNAL SERVER ERROR for url: http://localhost:5000/tatc/AccessResponse
2024-10-29 18:21:35,145 - ERROR - Exception details:
Traceback (most recent call last):
  File "http_manager.py", line 194, in execute_function
    response.raise_for_status()  # Raise an exception for HTTP errors
  File "/root/anaconda3/envs/foo/lib/python3.8/site-packages/requests/models.py", line 1024, in raise_for_status
    raise HTTPError(http_error_msg, response=self)
requests.exceptions.HTTPError: 500 Server Error: INTERNAL SERVER ERROR for url: http://localhost:5000/tatc/AccessResponse
2024-10-29 18:21:35,146 - ERROR - Error processing request: 500 Server Error: INTERNAL SERVER ERROR for url: http://localhost:5000/tatc/AccessResponse
2024-10-29 18:21:35,146 - ERROR - Exception details:
Traceback (most recent call last):
  File "http_manager.py", line 136, in process_request
    result_data = self.execute_function(function_name, dependencies, architecture)
  File "http_manager.py", line 194, in execute_function
    response.raise_for_status()  # Raise an exception for HTTP errors
  File "/root/anaconda3/envs/foo/lib/python3.8/site-packages/requests/models.py", line 1024, in raise_for_status
    raise HTTPError(http_error_msg, response=self)
requests.exceptions.HTTPError: 500 Server Error: INTERNAL SERVER ERROR for url: http://localhost:5000/tatc/AccessResponse
